************************************************VALORES DETERMINÍSTICOS*************************************************

*****************************************************Dados de Barra*****************************************************
Barra   |      V      |     Ang     |    Pinj     |    Qinj     |     Pg      |     Qg      |     Pl      |     Ql   
    1   |     1.000   |      0.00   |    360.89   |    149.06   |    360.89   |    149.06   |      0.00   |      0.00
    2   |     1.000   |     -0.01   |    190.00   |    101.98   |    250.00   |    136.98   |     60.00   |     35.00
    3   |     1.000   |     -0.13   |    150.00   |    278.62   |    250.00   |    353.62   |    100.00   |     75.00
    4   |     0.997   |     -0.27   |   -200.00   |   -150.00   |      0.00   |      0.00   |    200.00   |    150.00
    5   |     0.998   |     -0.22   |   -200.00   |   -150.00   |      0.00   |      0.00   |    200.00   |    150.00
    6   |     0.997   |     -0.32   |   -300.00   |   -225.00   |      0.00   |      0.00   |    300.00   |    225.00
------------------------------------------------------------------------------------------------------------------------

***************************************************  Dados de Ramos  ***************************************************

***************************************  Potência ativa e Reativa [MW] e [Mvar]  ***************************************
------------------------------------------------------------------------------------------------------------------------
 DE - PARA         P    |     PARA-  DE          P    |      DE - PARA         Q    |     PARA-  DE          Q
 1  -  2        5.62    |      2  -  1       -5.62    |      1  -  2       -0.31    |      2  -  1        0.31
 1  -  3      112.43    |      3  -  1     -112.42    |      1  -  3       -6.06    |      3  -  1        6.31
 1  -  4      242.72    |      4  -  1     -242.63    |      1  -  4      155.42    |      4  -  1     -153.76
 2  -  5      195.54    |      5  -  2     -195.48    |      2  -  5      101.67    |      5  -  2     -100.70
 3  -  5       88.95    |      5  -  3      -88.93    |      3  -  5      107.24    |      5  -  3     -106.85
 3  -  6      173.34    |      6  -  3     -173.28    |      3  -  6      165.07    |      6  -  3     -163.92
 4  -  6       42.55    |      6  -  4      -42.55    |      4  -  6        3.76    |      6  -  4       -3.73
 5  -  6       84.30    |      6  -  5      -84.29    |      5  -  6       57.56    |      6  -  5      -57.35

------------------------------------------------------------------------------------------------------------------------

**************************************************  Perdas ativa [MW]***************************************************
 DE - PARA     PLoss    |          QLoss
 1  -  2      0.0000    |         0.0006
 1  -  3      0.0139    |         0.2536
 1  -  4      0.0914    |         1.6614
 2  -  5      0.0534    |         0.9714
 3  -  5      0.0214    |         0.3883
 3  -  6      0.0630    |         1.1459
 4  -  6      0.0020    |         0.0367
 5  -  6      0.0115    |         0.2093

------------------------------------------------------------------------------------------------------------------------

*****************************************************VALORES FUZZY******************************************************

*****************************************************Dados de Barra*****************************************************
Barra   |     V1      |     V2      |     V3      |    Ang1     |    Ang2     |   Ang3   
    1   |     0.970   |     1.000   |     1.030   |    -5.730   |     0.000   |     5.730
    2   |     0.970   |     1.000   |     1.030   |    -0.005   |    -0.006   |    -0.009
    3   |     0.970   |     1.000   |     1.030   |    -0.128   |    -0.129   |    -0.133
    4   |     0.997   |     0.997   |     0.997   |    -0.270   |    -0.269   |    -0.270
    5   |     0.998   |     0.998   |     0.998   |    -0.227   |    -0.225   |    -0.222
    6   |     0.997   |     0.997   |     0.996   |    -0.320   |    -0.318   |    -0.316
------------------------------------------------------------------------------------------------------------------------

***************************************  Potência ativa e Reativa [MW] e [Mvar]  ***************************************
------------------------------------------------------------------------------------------------------------------------
 DE - PARA        P1        P2        P3    |     PARA-  DE         P1        P2        P3    |     
 1  -  2      -70.67      5.62     27.42    |      2  -  1      -70.67      5.62     27.42    |     
 1  -  3       39.28    112.43    137.52    |      3  -  1       39.28    112.43    137.52    |     
 1  -  4      172.09    242.72    273.27    |      4  -  1      172.09    242.72    273.27    |     
 2  -  5      173.19    195.54    174.88    |      5  -  2      173.19    195.54    174.88    |     
 3  -  5       63.45     88.95     65.06    |      5  -  3       63.45     88.95     65.06    |     
 3  -  6      150.37    173.34    152.04    |      6  -  3      150.37    173.34    152.04    |     
 4  -  6       16.62     42.55     16.58    |      6  -  4       16.62     42.55     16.58    |     
 5  -  6       59.57     84.30     59.57    |      6  -  5       59.57     84.30     59.57    |     

------------------------------------------------------------------------------------------------------------------------
 DE - PARA        Q1        Q2        Q3    |     PARA-  DE         Q1        Q2        Q3
 1  -  2     -534.24     -0.31   -572.93    |      2  -  1     -534.24     -0.31   -572.93
 1  -  3     -538.96     -6.06   -577.81    |      3  -  1     -538.96     -6.06   -577.81
 1  -  4     -379.28    155.42   -415.22    |      4  -  1     -379.28    155.42   -415.22
 2  -  5     -435.93    101.67   -465.90    |      5  -  2     -435.93    101.67   -465.90
 3  -  5     -431.30    107.24   -461.27    |      5  -  3     -431.30    107.24   -461.27
 3  -  6     -373.26    165.07   -403.27    |      6  -  3     -373.26    165.07   -403.27
 4  -  6     -545.53      3.76   -545.51    |      6  -  4     -545.53      3.76   -545.51
 5  -  6     -493.10     57.56   -493.07    |      6  -  5     -493.10     57.56   -493.07

------------------------------------------------------------------------------------------------------------------------
***************************************************  Perdas Ativas  ****************************************************
------------------------------------------------------------------------------------------------------------------------
 DE - PARA        P1        P2        P3    |     PARA-  DE         P1        P2        P3    |     
 1  -  2       0.000     0.000     0.000    |      2  -  1       0.000     0.000     0.000    |     
 1  -  3       0.014     0.014     0.014    |      3  -  1       0.014     0.014     0.014    |     
 1  -  4       0.116     0.091     0.063    |      4  -  1       0.116     0.091     0.063    |     
 2  -  5       0.059     0.053     0.046    |      5  -  2       0.059     0.053     0.046    |     
 3  -  5       0.024     0.021     0.018    |      5  -  3       0.024     0.021     0.018    |     
 3  -  6       0.067     0.063     0.056    |      6  -  3       0.067     0.063     0.056    |     
 4  -  6       0.002     0.002     0.002    |      6  -  4       0.002     0.002     0.002    |     
 5  -  6       0.011     0.012     0.011    |      6  -  5       0.011     0.012     0.011    |     

------------------------------------------------------------------------------------------------------------------------
