=============================================================================================================
==========================       ITERAÇÃO  0           ======================================================
=============================================================================================================

>>> P liq

[3.2 3.5 3.7]
[1.6 1.9 2.2]
[1.2 1.5 1.8]
[-2.1 -2.  -1.9]
[-2.1 -2.  -1.9]
[-3.1  -3.   -2.85]


>>> Q liq

[0.9  1.15 1.25]
[-0.2   0.01  0.25]
[-0.6  -0.39 -0.15]
[-1.6 -1.5 -1.4]
[-1.6 -1.5 -1.4]
[-2.35 -2.25 -2.1 ]


>>> DP 
[-6.89600492  3.48355031 13.6150534 ]
[-7.79691292  1.88903354 11.47627857]
[-11.56224789   1.48355031  14.38129637]
[-11.49691292  -2.01096646   7.37627857]
[-17.52849087  -2.01644969  13.34753934]
[-21.19473384  -3.01644969  15.06378232]
>>> diff DP 
[0. 0. 0.]
[-11.47627857  -1.88903354   7.79691292]
[-14.38129637  -1.48355031  11.56224789]
[-7.37627857  2.01096646 11.49691292]
[-13.34753934   2.01644969  17.52849087]
[-15.06378232   3.01644969  21.19473384]
>>> teste conv DP 
0.0
9.636595746222586
12.971772133113191
9.436595746222586
15.438015105554555
18.129258077995928

>>> DX  >>> P >>> delta theta
[0, 0.0008498689969757573, 0.0003464431700488394, -0.0010823847597027257, -0.0008978228292085824, -0.001165168403851757]


>>> Ângulos
[[-0.5729578   0.          0.5729578 ]
 [-0.52426389  0.04869391  0.6216517 ]
 [-0.55310806  0.01984973  0.59280753]
 [-0.63497387 -0.06201608  0.51094172]
 [-0.62439925 -0.05144146  0.52151634]
 [-0.63971703 -0.06675923  0.50619856]]

>>> DQ 
[-280.94330061    4.34848995  286.80472554]
[-187.86388197    2.3816719   190.86715579]
[-283.29339809    1.8961691   284.42838132]
[-191.71697099   -1.72628447  186.46983206]
[-286.81300441   -1.87373593  280.37367758]
[-287.53609623   -2.59950743  279.69522639]
>>> DX  >>> Q >>> delta v 
[0, 0.0008498689969757573, 0.0003464431700488394, -0.0010823847597027257, -0.0008978228292085824, -0.001165168403851757]
>>> Módulo de Tensão
[[0.97       1.         1.03      ]
 [0.97       1.         1.03      ]
 [0.97       1.         1.03      ]
 [0.96644704 0.99644704 1.02644704]
 [0.96295406 0.99295406 1.02295406]
 [0.96279907 0.99279907 1.02279907]]
=============================================================================================================
==========================       ITERAÇÃO  1.0         ======================================================
=============================================================================================================

>>> P liq

[3.2 3.5 3.7]
[1.6 1.9 2.2]
[1.2 1.5 1.8]
[-2.1 -2.  -1.9]
[-2.1 -2.  -1.9]
[-3.1  -3.   -2.85]


>>> Q liq

[0.9  1.15 1.25]
[-0.2   0.01  0.25]
[-0.6  -0.39 -0.15]
[-1.6 -1.5 -1.4]
[-1.6 -1.5 -1.4]
[-2.35 -2.25 -2.1 ]


>>> DP 
[-6.92625954  3.44482779 13.56786298]
[-9.28403627  0.40737504 10.00008492]
[-13.49131851  -0.44341078  12.45644481]
[-10.95483622  -1.51678048   7.82257383]
[-15.67695999  -0.28763182  14.95364421]
[-19.79778184  -1.79666584  16.10639802]
>>> diff DP 
[0. 0. 0.]
[-17.79699784   1.4816585   20.76031485]
[-24.01869271   1.92696109  27.87261488]
[-19.31948675  -0.49418598  18.33111479]
[-32.48213508  -1.72881787  29.02449934]
[-37.30113186  -1.21978385  34.86156416]
>>> teste conv DP 
0.0
0.005464851471717935
0.002109527479071005
-0.047890722098649974
-0.12271300492134429
-0.1771681483451104

>>> DX  >>> P >>> delta theta
[0, 0.00010576209673944791, -0.00034954683084070836, -0.0008100523615650883, -0.0003849272992536595, -0.0008409163190196269]


>>> Ângulos
[[-5.72957795e-01  0.00000000e+00  5.72957795e-01]
 [-5.18204167e-01  5.47536284e-02  6.27711424e-01]
 [-5.73135622e-01 -1.77826664e-04  5.72779968e-01]
 [-6.81386455e-01 -1.08428660e-01  4.64529135e-01]
 [-6.46453964e-01 -7.34961685e-02  4.99461627e-01]
 [-6.87897983e-01 -1.14940188e-01  4.58017607e-01]]

>>> DQ 
[-282.23636627    2.6058102   284.61243169]
[-190.46986676   -1.11457892  186.48063894]
[-288.59018912   -5.20055904  275.53171607]
[-190.20801439   -1.79386719  184.82571004]
[-276.99977255    5.0254114   284.35874038]
[-278.74313245    2.82289141  281.7470603 ]
>>> DX  >>> Q >>> delta v 
[0, 0.00010576209673944791, -0.00034954683084070836, -0.0008100523615650883, -0.0003849272992536595, -0.0008409163190196269]
>>> Módulo de Tensão
[[0.97       1.         1.03      ]
 [0.97       1.         1.03      ]
 [0.97       1.         1.03      ]
 [0.96414793 0.99414793 1.02414793]
 [0.95939854 0.98939854 1.01939854]
 [0.95895169 0.98895169 1.01895169]]
=============================================================================================================
==========================       ITERAÇÃO  2.0         ======================================================
=============================================================================================================

>>> P liq

[3.2 3.5 3.7]
[1.6 1.9 2.2]
[1.2 1.5 1.8]
[-2.1 -2.  -1.9]
[-2.1 -2.  -1.9]
[-3.1  -3.   -2.85]


>>> Q liq

[0.9  1.15 1.25]
[-0.2   0.01  0.25]
[-0.6  -0.39 -0.15]
[-1.6 -1.5 -1.4]
[-1.6 -1.5 -1.4]
[-2.35 -2.25 -2.1 ]


>>> DP 
[-7.51813529  2.86015069 12.99038452]
[-9.6713755   0.01830678  9.60928763]
[-13.76535008  -0.72667922  12.16393949]
[-10.5195401   -1.11104674   8.1987452 ]
[-15.40184101  -0.07124778  15.11129331]
[-19.07390049  -1.16799708  16.63985418]
>>> diff DP 
[0. 0. 0.]
[-18.8933239    0.38906826  19.67146042]
[-25.655258     0.28326845  26.22179489]
[-19.15358142  -0.40573374  18.34211394]
[-30.7882533   -0.21638404  30.35548522]
[-36.43763602  -0.62866875  35.18029851]
>>> teste conv DP 
0.0
-0.0017290339917579445
-0.009236877187149162
-0.029562369343128836
-0.058734938695586436
-0.09521259848493813

>>> DX  >>> P >>> delta theta
[0, -8.695653709776337e-05, -0.0004588218554786668, -0.0005964112728102564, -0.0003389155759997425, -0.0006944125901475941]


>>> Ângulos
[[-0.5729578   0.          0.5729578 ]
 [-0.52318641  0.04977139  0.62272918]
 [-0.59942418 -0.02646638  0.54649141]
 [-0.7155583  -0.14260051  0.43035729]
 [-0.6658724  -0.0929146   0.48004319]
 [-0.72768489 -0.1547271   0.4182307 ]]

>>> DQ 
[-283.06094934    1.49038569  283.20616575]
[-191.78868899   -2.88264334  184.26333234]
[-291.35560586   -8.9001123   270.89802628]
[-188.93449348   -1.43499093  184.26994163]
[-272.16121436    8.37119565  286.21175069]
[-274.16130017    5.58876643  282.69697805]
>>> DX  >>> Q >>> delta v 
[0, -8.695653709776337e-05, -0.0004588218554786668, -0.0005964112728102564, -0.0003389155759997425, -0.0006944125901475941]
>>> Módulo de Tensão
[[0.97       1.         1.03      ]
 [0.97       1.         1.03      ]
 [0.97       1.         1.03      ]
 [0.96194978 0.99194978 1.02194978]
 [0.95634399 0.98634399 1.01634399]
 [0.955529   0.985529   1.015529  ]]
=============================================================================================================
==========================       ITERAÇÃO  3.0         ======================================================
=============================================================================================================

>>> P liq

[3.2 3.5 3.7]
[1.6 1.9 2.2]
[1.2 1.5 1.8]
[-2.1 -2.  -1.9]
[-2.1 -2.  -1.9]
[-3.1  -3.   -2.85]


>>> Q liq

[0.9  1.15 1.25]
[-0.2   0.01  0.25]
[-0.6  -0.39 -0.15]
[-1.6 -1.5 -1.4]
[-1.6 -1.5 -1.4]
[-2.35 -2.25 -2.1 ]


>>> DP 
[-8.15162774  2.23506809 12.37371178]
[-9.82880551 -0.14255     9.44500408]
[-13.75370766  -0.72697734  12.15170085]
[-10.22078998  -0.83925426   8.44358003]
[-15.30756018  -0.02805052  15.103407  ]
[-18.52550132  -0.7043283   17.01879258]
>>> diff DP 
[0. 0. 0.]
[-19.11637958   0.16085678  19.43809313]
[-2.59170509e+01  2.98114655e-04  2.59176472e+01]
[-18.96312014  -0.27179247  18.41953519]
[-30.50524801  -0.04319726  30.41885349]
[-36.09269306  -0.46366878  35.1653555 ]
>>> teste conv DP 
0.0
-0.0034267702488719465
-0.011940528039561471
-0.026957647593913947
-0.05108357310970568
-0.08473038081911

>>> DX  >>> P >>> delta theta
[0, -0.00015120756473158088, -0.0004650835532381756, -0.0004640945220724967, -0.00032494606069166215, -0.0005794764534164554]


>>> Ângulos
[[-0.5729578   0.          0.5729578 ]
 [-0.53184996  0.04110783  0.61406563]
 [-0.6260715  -0.05311371  0.51984409]
 [-0.74214896 -0.16919117  0.40376663]
 [-0.68449043 -0.11153264  0.46142516]
 [-0.76088645 -0.18792865  0.38502914]]

>>> DQ 
[-283.84958647    0.42348631  281.86100411]
[-192.924934     -4.40481606  182.35523189]
[-293.78059774  -12.14227756  266.83868765]
[-187.62241744   -0.96355439  183.90073869]
[-268.06859796   11.16926936  287.7152817 ]
[-270.12067678    8.01293422  283.50469026]
>>> DX  >>> Q >>> delta v 
[0, -0.00015120756473158088, -0.0004650835532381756, -0.0004640945220724967, -0.00032494606069166215, -0.0005794764534164554]
>>> Módulo de Tensão
[[0.97       1.         1.03      ]
 [0.97       1.         1.03      ]
 [0.97       1.         1.03      ]
 [0.95987709 0.98987709 1.01987709]
 [0.95372378 0.98372378 1.01372378]
 [0.95249123 0.98249123 1.01249123]]
=============================================================================================================
==========================       ITERAÇÃO  4.0         ======================================================
=============================================================================================================

>>> P liq

[3.2 3.5 3.7]
[1.6 1.9 2.2]
[1.2 1.5 1.8]
[-2.1 -2.  -1.9]
[-2.1 -2.  -1.9]
[-3.1  -3.   -2.85]


>>> Q liq

[0.9  1.15 1.25]
[-0.2   0.01  0.25]
[-0.6  -0.39 -0.15]
[-1.6 -1.5 -1.4]
[-1.6 -1.5 -1.4]
[-2.35 -2.25 -2.1 ]


>>> DP 
[-8.74998317  1.64467024 11.7912715 ]
[-9.90377592 -0.22095034  9.3631738 ]
[-13.6475632   -0.63269313  12.2341248 ]
[-9.99506229 -0.63828911  8.61978265]
[-1.52426781e+01 -7.73752400e-03  1.50791509e+01]
[-18.10534449  -0.35937419  17.28854397]
>>> diff DP 
[0. 0. 0.]
[-19.19197931   0.07840034  19.34878   ]
[-25.98783246  -0.09428421  25.79926405]
[-18.84057263  -0.20096516  18.43864232]
[-3.03867111e+01 -2.03129969e-02  3.03460851e+01]
[-35.81404529  -0.34495411  35.12413707]
>>> teste conv DP 
0.0
-0.003429933016896314
-0.011860257414985753
-0.02476254024285751
-0.044569063141901566
-0.07520272280984486

>>> DX  >>> P >>> delta theta
[0, -0.0001892438632454396, -0.00043318138182983087, -0.0003737252218607291, -0.0003266445894776317, -0.0005102612274728933]


>>> Ângulos
[[-0.5729578   0.          0.5729578 ]
 [-0.54269284  0.03026496  0.60322275]
 [-0.65089097 -0.07793317  0.49502462]
 [-0.76356184 -0.19060404  0.38235375]
 [-0.70320579 -0.13024799  0.4427098 ]
 [-0.79012226 -0.21716447  0.35579333]]

>>> DQ 
[-284.59380872   -0.58325307  280.59174761]
[-193.90157536   -5.7125064   180.71649259]
[-295.89994379  -14.97539824  263.29179233]
[-186.31643357   -0.42496862  183.67192634]
[-264.61221559   13.50460805  288.92957673]
[-266.56287315   10.13600715  284.19303247]
>>> DX  >>> Q >>> delta v 
[0, -0.0001892438632454396, -0.00043318138182983087, -0.0003737252218607291, -0.0003266445894776317, -0.0005102612274728933]
>>> Módulo de Tensão
[[0.97       1.         1.03      ]
 [0.97       1.         1.03      ]
 [0.97       1.         1.03      ]
 [0.95794646 0.98794646 1.01794646]
 [0.95147591 0.98147591 1.01147591]
 [0.94980235 0.97980235 1.00980235]]
=============================================================================================================
==========================       ITERAÇÃO  5.0         ======================================================
=============================================================================================================

>>> P liq

[3.2 3.5 3.7]
[1.6 1.9 2.2]
[1.2 1.5 1.8]
[-2.1 -2.  -1.9]
[-2.1 -2.  -1.9]
[-3.1  -3.   -2.85]


>>> Q liq

[0.9  1.15 1.25]
[-0.2   0.01  0.25]
[-0.6  -0.39 -0.15]
[-1.6 -1.5 -1.4]
[-1.6 -1.5 -1.4]
[-2.35 -2.25 -2.1 ]


>>> DP 
[-9.30162214  1.10032039 11.25421078]
[-9.93222569 -0.25248307  9.32855813]
[-13.53781233  -0.53336958  12.32302104]
[-9.82495871 -0.49062935  8.74499859]
[-15.1705003    0.02566701  15.07378219]
[-17.75180444  -0.07240137  17.50894956]
>>> diff DP 
[0. 0. 0.]
[-19.23233405   0.03153272  19.29539949]
[-25.97058424  -0.09932355  25.77193713]
[-18.74006087  -0.14765976  18.44474135]
[-30.31646031  -0.03340454  30.24965123]
[-35.61429405  -0.28697283  35.0403484 ]
>>> teste conv DP 
0.0
-0.003082950875441526
-0.01042731116486273
-0.022443819481164695
-0.03877327994353408
-0.06656722881088228

>>> DX  >>> P >>> delta theta
[0, -0.00022362617351069286, -0.0004056779965885847, -0.0003184015202494713, -0.0003339081490391465, -0.00045141216833452134]


>>> Ângulos
[[-0.5729578   0.          0.5729578 ]
 [-0.55550568  0.01745212  0.59040992]
 [-0.6741346  -0.10117681  0.47178099]
 [-0.7818049  -0.20884711  0.36411069]
 [-0.72233732 -0.14937952  0.42357827]
 [-0.81598628 -0.24302848  0.32992931]]

>>> DQ 
[-285.28646674   -1.52057977  279.40975223]
[-194.7413307    -6.83626652  179.30872769]
[-297.7500354   -17.44823091  260.19621861]
[-1.85050683e+02  1.44870806e-01  1.83545855e+02]
[-261.69029758   15.45613163  289.91070587]
[-263.43514872   11.99365786  284.78060946]
>>> DX  >>> Q >>> delta v 
[0, -0.00022362617351069286, -0.0004056779965885847, -0.0003184015202494713, -0.0003339081490391465, -0.00045141216833452134]
>>> Módulo de Tensão
[[0.97       1.         1.03      ]
 [0.97       1.         1.03      ]
 [0.97       1.         1.03      ]
 [0.95616386 0.98616386 1.01616386]
 [0.94954844 0.97954844 1.00954844]
 [0.94742387 0.97742387 1.00742387]]
=============================================================================================================
==========================       ITERAÇÃO  6.0         ======================================================
=============================================================================================================

>>> P liq

[3.2 3.5 3.7]
[1.6 1.9 2.2]
[1.2 1.5 1.8]
[-2.1 -2.  -1.9]
[-2.1 -2.  -1.9]
[-3.1  -3.   -2.85]


>>> Q liq

[0.9  1.15 1.25]
[-0.2   0.01  0.25]
[-0.6  -0.39 -0.15]
[-1.6 -1.5 -1.4]
[-1.6 -1.5 -1.4]
[-2.35 -2.25 -2.1 ]


>>> DP 
[-9.82474679  0.58423505 10.74516474]
[-9.92202382 -0.2450182   9.33328599]
[-13.42806124  -0.43271725  12.4145746 ]
[-9.68205298 -0.36814963  8.8470523 ]
[-15.08474456   0.07759945  15.09189132]
[-17.46782681   0.15271588  17.67520642]
>>> diff DP 
[0. 0. 0.]
[-1.92655117e+01 -7.46486764e-03  1.92505819e+01]
[-25.95238694  -0.10065233  25.75108228]
[-18.67201101  -0.12247972  18.42705157]
[-30.26239162  -0.05193244  30.15852675]
[-35.42701086  -0.22511724  34.97677637]
>>> teste conv DP 
0.0
-0.0027370060162077436
-0.009098763233241769
-0.020426006817256592
-0.03382330590511273
-0.05886038316681663

>>> DX  >>> P >>> delta theta
[0, -0.00018097995958027034, -0.00033287400639570323, -0.0002434289755456155, -0.00027807460150764806, -0.00034587547343301956]


>>> Ângulos
[[-0.5729578   0.          0.5729578 ]
 [-0.56587506  0.00708273  0.58004053]
 [-0.69320688 -0.12024908  0.45270871]
 [-0.79575236 -0.22279456  0.35016323]
 [-0.73826982 -0.16531202  0.40764577]
 [-0.83580348 -0.26284569  0.31011211]]

>>> DQ 
[-285.92931536   -2.38927195  278.31521648]
[-195.46105769   -7.79952406  178.10193958]
[-299.36362164  -19.60504168  257.49618331]
[-183.84589637    0.72112843  183.49358325]
[-259.22100436   17.08555241  290.70025422]
[-260.68224697   13.62358511  285.28756223]
>>> DX  >>> Q >>> delta v 
[0, -0.00018097995958027034, -0.00033287400639570323, -0.0002434289755456155, -0.00027807460150764806, -0.00034587547343301956]
>>> Módulo de Tensão
[[0.97       1.         1.03      ]
 [0.97       1.         1.03      ]
 [0.97       1.         1.03      ]
 [0.9545323  0.9845323  1.0145323 ]
 [0.94789373 0.97789373 1.00789373]
 [0.94532504 0.97532504 1.00532504]]
=============================================================================================================
==========================       ITERAÇÃO  7.0         ======================================================
=============================================================================================================

>>> P liq

[3.2 3.5 3.7]
[1.6 1.9 2.2]
[1.2 1.5 1.8]
[-2.1 -2.  -1.9]
[-2.1 -2.  -1.9]
[-3.1  -3.   -2.85]


>>> Q liq

[0.9  1.15 1.25]
[-0.2   0.01  0.25]
[-0.6  -0.39 -0.15]
[-1.6 -1.5 -1.4]
[-1.6 -1.5 -1.4]
[-2.35 -2.25 -2.1 ]


>>> DP 
[-10.2472902    0.166888    10.33301405]
[-9.91978688 -0.24510403  9.3308774 ]
[-13.33324924  -0.3460521   12.4930929 ]
[-9.56356479 -0.26840509  8.92805319]
[-14.99186735   0.14097017  15.12575555]
[-17.25637346   0.31224243  17.78280617]
>>> diff DP 
[0. 0. 0.]
[-1.92529012e+01  8.58300582e-05  1.92530729e+01]
[-25.92115415  -0.08666515  25.74782384]
[-18.61010617  -0.09974454  18.4106171 ]
[-30.21050011  -0.06337072  30.08375867]
[-35.25063298  -0.15952655  34.93157988]
>>> teste conv DP 
0.0
-0.002322761201490664
-0.008146852324973253
-0.018743649184962408
-0.029506490262921403
-0.05192680061888666

>>> DX  >>> P >>> delta theta
[0, -0.0001815178146531029, -0.0003063375325826132, -0.00020424051075342922, -0.0002701182252943103, -0.0003196713899829028]


>>> Ângulos
[[-0.5729578   0.          0.5729578 ]
 [-0.57627527 -0.00331747  0.56964032]
 [-0.71075873 -0.13780093  0.43515686]
 [-0.80745447 -0.23449668  0.33846112]
 [-0.75374645 -0.18078866  0.39216914]
 [-0.8541193  -0.28116151  0.29179629]]

>>> DQ 
[-286.51788174   -3.18445498  277.3134168 ]
[-196.07968758   -8.62708567  177.06544625]
[-300.77038184  -21.48531676  255.14239334]
[-182.71622707    1.2861186   183.49389429]
[-257.12867911   18.4507631   291.33835034]
[-258.26658575   15.04867719  285.72208516]
>>> DX  >>> Q >>> delta v 
[0, -0.0001815178146531029, -0.0003063375325826132, -0.00020424051075342922, -0.0002701182252943103, -0.0003196713899829028]
>>> Módulo de Tensão
[[0.97       1.         1.03      ]
 [0.97       1.         1.03      ]
 [0.97       1.         1.03      ]
 [0.95305    0.98305    1.01305   ]
 [0.94647094 0.97647094 1.00647094]
 [0.94347517 0.97347517 1.00347517]]
=============================================================================================================
==========================       ITERAÇÃO  8.0         ======================================================
=============================================================================================================

>>> P liq

[3.2 3.5 3.7]
[1.6 1.9 2.2]
[1.2 1.5 1.8]
[-2.1 -2.  -1.9]
[-2.1 -2.  -1.9]
[-3.1  -3.   -2.85]


>>> Q liq

[0.9  1.15 1.25]
[-0.2   0.01  0.25]
[-0.6  -0.39 -0.15]
[-1.6 -1.5 -1.4]
[-1.6 -1.5 -1.4]
[-2.35 -2.25 -2.1 ]


>>> DP 
[-10.63306727  -0.21412046   9.9567742 ]
[-9.90737666 -0.23462959  9.33941605]
[-13.2493404   -0.26909395  12.56310037]
[-9.47383826 -0.1953375   8.98446183]
[-14.90113599   0.20615227  15.16538839]
[-17.06298698   0.45987457  17.88468398]
>>> diff DP 
[0. 0. 0.]
[-1.92592029e+01 -1.04744352e-02  1.92382541e+01]
[-25.89634961  -0.07695815  25.7424333 ]
[-18.54802662  -0.07306759  18.40189145]
[-30.15725574  -0.0651821   30.02689153]
[-35.14105744  -0.14763215  34.84579315]
>>> teste conv DP 
0.0
-0.001935788404313854
-0.006950687027334368
-0.016658947348613395
-0.02554926192398632
-0.04575433420511743

>>> DX  >>> P >>> delta theta
[0, -0.0001815706241720208, -0.0002932672488333406, -0.0001623869222503434, -0.00024613469965633174, -0.0002817268688793033]


>>> Ângulos
[[-0.5729578   0.          0.5729578 ]
 [-0.5866785  -0.0137207   0.55923709]
 [-0.7275617  -0.15460391  0.41835389]
 [-0.81675856 -0.24380076  0.32915703]
 [-0.76784893 -0.19489114  0.37806666]
 [-0.87026106 -0.29730327  0.27565453]]

>>> DQ 
[-287.05268753   -3.9067054   276.40372175]
[-196.61295264   -9.3396688   176.17354505]
[-301.99875816  -23.12648628  253.08843063]
[-181.67039241    1.82669552  183.52921346]
[-255.3498866    19.59940682  291.85684526]
[-256.14681841   16.29574181  286.09644706]
>>> DX  >>> Q >>> delta v 
[0, -0.0001815706241720208, -0.0002932672488333406, -0.0001623869222503434, -0.00024613469965633174, -0.0002817268688793033]
>>> Módulo de Tensão
[[0.97       1.         1.03      ]
 [0.97       1.         1.03      ]
 [0.97       1.         1.03      ]
 [0.95171004 0.98171004 1.01171004]
 [0.94524721 0.97524721 1.00524721]
 [0.9418461  0.9718461  1.0018461 ]]
=============================================================================================================
==========================       ITERAÇÃO  9.0         ======================================================
=============================================================================================================

>>> P liq

[3.2 3.5 3.7]
[1.6 1.9 2.2]
[1.2 1.5 1.8]
[-2.1 -2.  -1.9]
[-2.1 -2.  -1.9]
[-3.1  -3.   -2.85]


>>> Q liq

[0.9  1.15 1.25]
[-0.2   0.01  0.25]
[-0.6  -0.39 -0.15]
[-1.6 -1.5 -1.4]
[-1.6 -1.5 -1.4]
[-2.35 -2.25 -2.1 ]


>>> DP 
[-10.98765972  -0.56426345   9.61108068]
[-9.87814471 -0.207179    9.36508529]
[-13.14391594  -0.17016299  12.65553782]
[-9.40987102 -0.14617099  9.01882762]
[-14.83412956   0.25104007  15.18815756]
[-16.90017826   0.58240796  17.96694204]
>>> diff DP 
[0. 0. 0.]
[-19.27246195  -0.0274506   19.21756076]
[-25.90487822  -0.09893096  25.70701631]
[-18.49266588  -0.04916652  18.39433285]
[-30.08929355  -0.0448878   29.99951795]
[-35.02992902  -0.12253339  34.78486224]
>>> teste conv DP 
0.0
-0.0017813523599183867
-0.006493504794843119
-0.014800726003162623
-0.02211862868656489
-0.04027533007473494

>>> DX  >>> P >>> delta theta
[0, -0.00017199060819672254, -0.00026390384179317023, -0.00013143680259318792, -0.00022474973640431134, -0.00025486170580390566]


>>> Ângulos
[[-0.5729578   0.          0.5729578 ]
 [-0.59653283 -0.02357504  0.54938276]
 [-0.74268228 -0.16972448  0.40323331]
 [-0.82428933 -0.25133154  0.32162626]
 [-0.78072614 -0.20776835  0.36518945]
 [-0.88486356 -0.31190577  0.26105203]]

>>> DQ 
[-287.53640423   -4.55987512  275.58109901]
[-197.07217277   -9.95308334  175.40593612]
[-303.06974845  -24.55730427  251.29778494]
[-180.71035891    2.33589286  183.58757464]
[-253.83699161   20.56615006  292.27743675]
[-254.28767357   17.386855    286.41952859]
>>> DX  >>> Q >>> delta v 
[0, -0.00017199060819672254, -0.00026390384179317023, -0.00013143680259318792, -0.00022474973640431134, -0.00025486170580390566]
>>> Módulo de Tensão
[[0.97       1.         1.03      ]
 [0.97       1.         1.03      ]
 [0.97       1.         1.03      ]
 [0.95050541 0.98050541 1.01050541]
 [0.94419391 0.97419391 1.00419391]
 [0.94041295 0.97041295 1.00041295]]
=============================================================================================================
==========================       ITERAÇÃO  10.0        ======================================================
=============================================================================================================

>>> P liq

[3.2 3.5 3.7]
[1.6 1.9 2.2]
[1.2 1.5 1.8]
[-2.1 -2.  -1.9]
[-2.1 -2.  -1.9]
[-3.1  -3.   -2.85]


>>> Q liq

[0.9  1.15 1.25]
[-0.2   0.01  0.25]
[-0.6  -0.39 -0.15]
[-1.6 -1.5 -1.4]
[-1.6 -1.5 -1.4]
[-2.35 -2.25 -2.1 ]


>>> DP 
[-11.30357526  -0.87624205   9.30303902]
[-9.84369549 -0.17429484  9.39640438]
[-13.049407    -0.08128047  12.73879393]
[-9.36650247 -0.1158626   9.03607584]
[-14.77767625   0.28839393  15.20641196]
[-16.74883441   0.69833909  18.04746045]
>>> diff DP 
[0. 0. 0.]
[-19.2745491   -0.03288416  19.20878078]
[-25.88270986  -0.08888252  25.70494482]
[-18.44594686  -0.03030839  18.38533008]
[-30.04054152  -0.03735385  29.96583381]
[-34.9476387   -0.11593113  34.71577645]
>>> teste conv DP 
0.0
-0.0015650646085934028
-0.005626417377357029
-0.013060166312364174
-0.019099454411328765
-0.03541272292651243

>>> DX  >>> P >>> delta theta
[0, -0.0001613894678706033, -0.00023973391349757834, -0.00013089076205871498, -0.00022348966048928647, -0.000229213658392431]


>>> Ângulos
[[-0.5729578   0.          0.5729578 ]
 [-0.60577977 -0.03282197  0.54013582]
 [-0.75641802 -0.18346023  0.38949757]
 [-0.83178882 -0.25883103  0.31412677]
 [-0.79353116 -0.22057336  0.35238443]
 [-0.89799654 -0.32503874  0.24791905]]

>>> DQ 
[-287.9707427    -5.14657373  274.84204028]
[-197.46742566  -10.48103344  174.74528879]
[-304.00311698  -25.80427847  249.73720507]
[-179.83822529    2.80709951  183.65785433]
[-252.54994297   21.37977595  292.61763989]
[-252.65606394   18.34328178  286.70077253]
>>> DX  >>> Q >>> delta v 
[0, -0.0001613894678706033, -0.00023973391349757834, -0.00013089076205871498, -0.00022348966048928647, -0.000229213658392431]
>>> Módulo de Tensão
[[0.97       1.         1.03      ]
 [0.97       1.         1.03      ]
 [0.97       1.         1.03      ]
 [0.94942542 0.97942542 1.00942542]
 [0.94328487 0.97328487 1.00328487]
 [0.9391518  0.9691518  0.9991518 ]]
=============================================================================================================
==========================       ITERAÇÃO  11.0        ======================================================
=============================================================================================================

>>> P liq

[3.2 3.5 3.7]
[1.6 1.9 2.2]
[1.2 1.5 1.8]
[-2.1 -2.  -1.9]
[-2.1 -2.  -1.9]
[-3.1  -3.   -2.85]


>>> Q liq

[0.9  1.15 1.25]
[-0.2   0.01  0.25]
[-0.6  -0.39 -0.15]
[-1.6 -1.5 -1.4]
[-1.6 -1.5 -1.4]
[-2.35 -2.25 -2.1 ]


>>> DP 
[-11.59845673  -1.16733139   9.01574181]
[-9.81568771 -0.14745203  9.42208222]
[-1.29698730e+01 -6.48533743e-03  1.28088502e+01]
[-9.31462838 -0.07578497  9.064357  ]
[-14.70327344   0.34604335  15.24730799]
[-16.63203011   0.78399569  18.10196936]
>>> diff DP 
[0. 0. 0.]
[-19.26577771  -0.02684281  19.21209209]
[-25.85825718  -0.07479513  25.70866692]
[-18.43085947  -0.04007763  18.35070422]
[-30.02498424  -0.05764942  29.9096854 ]
[-34.85080377  -0.0856566   34.67949056]
>>> teste conv DP 
0.0
-0.001164970729242043
-0.004738873081061357
-0.011796459616896016
-0.016753389266042973
-0.03114769421609509

>>> DX  >>> P >>> delta theta
[0, -0.00014173309535778163, -0.00021945222066554177, -0.00011072112220300452, -0.0002162952193562821, -0.0002084910913037392]


>>> Ângulos
[[-0.5729578   0.          0.5729578 ]
 [-0.61390048 -0.04094268  0.53201511]
 [-0.76899171 -0.19603391  0.37692388]
 [-0.83813268 -0.26517488  0.30778291]
 [-0.80592396 -0.23296617  0.33999163]
 [-0.9099422  -0.3369844   0.23597339]]

>>> DQ 
[-288.36030784   -5.67274271  274.17926744]
[-197.80809639  -10.93623304  174.17556032]
[-304.81786043  -26.89272547  248.37505452]
[-179.04861602    3.24054747  183.73514099]
[-251.45100032   22.06752001  292.89418536]
[-251.22398817   19.18161498  286.94536316]
>>> DX  >>> Q >>> delta v 
[0, -0.00014173309535778163, -0.00021945222066554177, -0.00011072112220300452, -0.0002162952193562821, -0.0002084910913037392]
>>> Módulo de Tensão
[[0.97       1.         1.03      ]
 [0.97       1.         1.03      ]
 [0.97       1.         1.03      ]
 [0.94846025 0.97846025 1.00846025]
 [0.94249964 0.97249964 1.00249964]
 [0.93804433 0.96804433 0.99804433]]
=============================================================================================================
==========================       ITERAÇÃO  12.0        ======================================================
=============================================================================================================

>>> P liq

[3.2 3.5 3.7]
[1.6 1.9 2.2]
[1.2 1.5 1.8]
[-2.1 -2.  -1.9]
[-2.1 -2.  -1.9]
[-3.1  -3.   -2.85]


>>> Q liq

[0.9  1.15 1.25]
[-0.2   0.01  0.25]
[-0.6  -0.39 -0.15]
[-1.6 -1.5 -1.4]
[-1.6 -1.5 -1.4]
[-2.35 -2.25 -2.1 ]


>>> DP 
[-11.86012919  -1.42565554   8.76076597]
[-9.80066695 -0.13320328  9.43555896]
[-12.89993599   0.0594223   12.87072846]
[-9.27560672 -0.04715468  9.08259594]
[-14.61798909   0.41668073  15.30329841]
[-16.53129844   0.85737786  18.14800202]
>>> diff DP 
[0. 0. 0.]
[-1.92512467e+01 -1.42487466e-02  1.92227492e+01]
[-25.84060145  -0.06590764  25.70878617]
[-18.39722432  -0.0286303   18.33996372]
[-30.00657185  -0.07063738  29.86529709]
[-34.78003213  -0.07338216  34.6332678 ]
>>> teste conv DP 
0.0
-0.0007720083068143424
-0.004029364400826907
-0.010391366156429882
-0.014646961017508175
-0.02734950110645684

>>> DX  >>> P >>> delta theta
[0, -0.00014089208754280964, -0.00018953150958112415, -8.785390300455226e-05, -0.00019053077891654434, -0.0001890896251181668]


>>> Ângulos
[[-0.5729578   0.          0.5729578 ]
 [-0.621973   -0.0490152   0.52394259]
 [-0.77985106 -0.20689327  0.36606453]
 [-0.84316633 -0.27020854  0.30274926]
 [-0.81684057 -0.24388278  0.32907502]
 [-0.92077624 -0.34781844  0.22513936]]

>>> DQ 
[-288.70854892   -6.14306414  273.58686567]
[-198.10331097  -11.33032941  173.68258217]
[-305.52804905  -27.84163216  247.18742975]
[-178.33624633    3.63730737  183.8162911 ]
[-250.50910795   22.65220311  293.1216592 ]
[-249.97102227   19.91332505  287.15581741]
>>> DX  >>> Q >>> delta v 
[0, -0.00014089208754280964, -0.00018953150958112415, -8.785390300455226e-05, -0.00019053077891654434, -0.0001890896251181668]
>>> Módulo de Tensão
[[0.97       1.         1.03      ]
 [0.97       1.         1.03      ]
 [0.97       1.         1.03      ]
 [0.94760185 0.97760185 1.00760185]
 [0.94182004 0.97182004 1.00182004]
 [0.9370713  0.9670713  0.9970713 ]]
=============================================================================================================
==========================       ITERAÇÃO  13.0        ======================================================
=============================================================================================================

>>> P liq

[3.2 3.5 3.7]
[1.6 1.9 2.2]
[1.2 1.5 1.8]
[-2.1 -2.  -1.9]
[-2.1 -2.  -1.9]
[-3.1  -3.   -2.85]


>>> Q liq

[0.9  1.15 1.25]
[-0.2   0.01  0.25]
[-0.6  -0.39 -0.15]
[-1.6 -1.5 -1.4]
[-1.6 -1.5 -1.4]
[-2.35 -2.25 -2.1 ]


>>> DP 
[-12.0921579   -1.65472229   8.53466116]
[-9.77115552 -0.10452708  9.46339994]
[-12.84628042   0.10970384  12.91763595]
[-9.25263731 -0.03324364  9.0874486 ]
[-14.55258045   0.46944624  15.3434208 ]
[-16.42883542   0.93582349  18.20243027]
>>> diff DP 
[0. 0. 0.]
[-19.2640669   -0.02867621  19.20671448]
[-25.81757195  -0.05028154  25.71700887]
[-1.83630553e+01 -1.39110386e-02  1.83352332e+01]
[-29.96140989  -0.05276551  29.85587887]
[-34.73372871  -0.07844563  34.57683744]
>>> teste conv DP 
0.0
-0.0008352256023549387
-0.0033740396971033704
-0.009058369660955634
-0.012643129041414625
-0.024017388773135195

>>> DX  >>> P >>> delta theta
[0, -0.00013334773006372318, -0.00018145568150494361, -8.828679156623849e-05, -0.00017643826996827303, -0.00017937073747435238]


>>> Ângulos
[[-0.5729578   0.          0.5729578 ]
 [-0.62961326 -0.05665547  0.51630233]
 [-0.79024771 -0.21728991  0.35566788]
 [-0.84822479 -0.275267    0.2976908 ]
 [-0.82694974 -0.25399194  0.31896585]
 [-0.93105342 -0.35809563  0.21486217]]

>>> DQ 
[-289.01748657   -6.56059822  273.06073515]
[-198.35916318  -11.67173677  173.25561965]
[-306.14886606  -28.67085783  246.14979542]
[-177.69951717    3.99505322  183.89505363]
[-249.69986506   23.15066387  293.30933782]
[-248.87215681   20.55460824  287.33951832]
>>> DX  >>> Q >>> delta v 
[0, -0.00013334773006372318, -0.00018145568150494361, -8.828679156623849e-05, -0.00017643826996827303, -0.00017937073747435238]
>>> Módulo de Tensão
[[0.97       1.         1.03      ]
 [0.97       1.         1.03      ]
 [0.97       1.         1.03      ]
 [0.94683998 0.97683998 1.00683998]
 [0.9412322  0.9712322  1.0012322 ]
 [0.93621656 0.96621656 0.99621656]]
=============================================================================================================
==========================       ITERAÇÃO  14.0        ======================================================
=============================================================================================================

>>> P liq

[3.2 3.5 3.7]
[1.6 1.9 2.2]
[1.2 1.5 1.8]
[-2.1 -2.  -1.9]
[-2.1 -2.  -1.9]
[-3.1  -3.   -2.85]


>>> Q liq

[0.9  1.15 1.25]
[-0.2   0.01  0.25]
[-0.6  -0.39 -0.15]
[-1.6 -1.5 -1.4]
[-1.6 -1.5 -1.4]
[-2.35 -2.25 -2.1 ]


>>> DP 
[-12.31414892  -1.87372536   8.31864605]
[-9.73995791 -0.07405025  9.49315598]
[-12.7877066    0.16524732  12.9701491 ]
[-9.22755462 -0.01616943  9.09651432]
[-14.50115165   0.50996139  15.3730223 ]
[-16.33685255   1.00672479  18.25224998]
>>> diff DP 
[0. 0. 0.]
[-19.2643115   -0.03047682  19.20335786]
[-25.81642952  -0.05554348  25.70534255]
[-1.83491516e+01 -1.70742040e-02  1.83150032e+01]
[-29.92560276  -0.04051515  29.84457245]
[-34.68108541  -0.07090129  34.53928282]
>>> teste conv DP 
0.0
-0.0007207838342466744
-0.0030303368177513335
-0.008008484665559479
-0.010913646755199125
-0.02108157525348986

>>> DX  >>> P >>> delta theta
[0, -0.00011927978122747921, -0.0001606914327360942, -7.556164062320751e-05, -0.00016472518260583942, -0.00015791440094009432]


>>> Ângulos
[[-0.5729578   0.          0.5729578 ]
 [-0.63644749 -0.06348969  0.5094681 ]
 [-0.79945465 -0.22649685  0.34646094]
 [-0.85255416 -0.27959636  0.29336143]
 [-0.8363878  -0.26343     0.30952779]
 [-0.94010125 -0.36714345  0.20581434]]

>>> DQ 
[-289.29175822   -6.93125836  272.59368653]
[-198.58039295  -11.96696744  172.88638809]
[-306.69066501  -29.39457698  245.24415609]
[-177.13175901    4.31646292  183.97011487]
[-249.00604152   23.57422862  293.46264378]
[-247.90758199   21.11767263  287.50107228]
>>> DX  >>> Q >>> delta v 
[0, -0.00011927978122747921, -0.0001606914327360942, -7.556164062320751e-05, -0.00016472518260583942, -0.00015791440094009432]
>>> Módulo de Tensão
[[0.97       1.         1.03      ]
 [0.97       1.         1.03      ]
 [0.97       1.         1.03      ]
 [0.94616507 0.97616507 1.00616507]
 [0.94072148 0.97072148 1.00072148]
 [0.93546693 0.96546693 0.99546693]]
=============================================================================================================
==========================       ITERAÇÃO  15.0        ======================================================
=============================================================================================================

>>> P liq

[3.2 3.5 3.7]
[1.6 1.9 2.2]
[1.2 1.5 1.8]
[-2.1 -2.  -1.9]
[-2.1 -2.  -1.9]
[-3.1  -3.   -2.85]


>>> Q liq

[0.9  1.15 1.25]
[-0.2   0.01  0.25]
[-0.6  -0.39 -0.15]
[-1.6 -1.5 -1.4]
[-1.6 -1.5 -1.4]
[-2.35 -2.25 -2.1 ]


>>> DP 
[-12.5099886   -2.06693591   8.12806464]
[-9.71509014 -0.04971906  9.51695059]
[-12.7391552    0.2112348   13.01357265]
[-9.20720449e+00 -2.87950417e-03  9.10274406e+00]
[-14.44426836   0.55724625  15.41070871]
[-16.2600752    1.06501355  18.29205015]
>>> diff DP 
[0. 0. 0.]
[-19.2569085   -0.02433119  19.20824612]
[-25.80127925  -0.04598748  25.7093043 ]
[-1.83302987e+01 -1.32899296e-02  1.83037188e+01]
[-29.91186037  -0.04728485  29.81729067]
[-34.62890271  -0.05828876  34.51232518]
>>> teste conv DP 
0.0
-0.0005365870085753954
-0.00256392209978884
-0.0070601969048382784
-0.009598439106
-0.018488593289664124

>>> DX  >>> P >>> delta theta
[0, -9.943341646136676e-05, -0.00015008517685933325, -7.48637654342414e-05, -0.00014296726428284672, -0.0001448301685106405]


>>> Ângulos
[[-0.5729578   0.          0.5729578 ]
 [-0.6421446  -0.06918681  0.50377099]
 [-0.8080539  -0.2350961   0.33786169]
 [-0.85684353 -0.28388574  0.28907206]
 [-0.84457922 -0.27162142  0.30133637]
 [-0.94839941 -0.37544161  0.19751618]]

>>> DQ 
[-289.53450987   -7.25940884  272.18013722]
[-198.77237335  -12.22325309  172.56579719]
[-307.16468934  -30.02752265  244.45228907]
[-176.62695676    4.60411545  184.04061767]
[-248.40593908   23.93874936  293.59158282]
[-247.06345936   21.60967553  287.64095544]
>>> DX  >>> Q >>> delta v 
[0, -9.943341646136676e-05, -0.00015008517685933325, -7.48637654342414e-05, -0.00014296726428284672, -0.0001448301685106405]
>>> Módulo de Tensão
[[0.97       1.         1.03      ]
 [0.97       1.         1.03      ]
 [0.97       1.         1.03      ]
 [0.94556514 0.97556514 1.00556514]
 [0.94027866 0.97027866 1.00027866]
 [0.93480973 0.96480973 0.99480973]]
=============================================================================================================
==========================       ITERAÇÃO  16.0        ======================================================
=============================================================================================================

>>> P liq

[3.2 3.5 3.7]
[1.6 1.9 2.2]
[1.2 1.5 1.8]
[-2.1 -2.  -1.9]
[-2.1 -2.  -1.9]
[-3.1  -3.   -2.85]


>>> Q liq

[0.9  1.15 1.25]
[-0.2   0.01  0.25]
[-0.6  -0.39 -0.15]
[-1.6 -1.5 -1.4]
[-1.6 -1.5 -1.4]
[-2.35 -2.25 -2.1 ]


>>> DP 
[-12.68819123  -2.24270814   7.95472282]
[-9.69754134 -0.03258948  9.53366096]
[-12.68521971   0.26278152  13.0627306 ]
[-9.18356675  0.01446471  9.11379473]
[-14.40201319   0.59125186  15.43646478]
[-16.19171581   1.11715728  18.32797824]
>>> diff DP 
[0. 0. 0.]
[-1.92487511e+01 -1.71295822e-02  1.92144919e+01]
[-25.8018858   -0.05154672  25.69879236]
[-1.83209992e+01 -1.73442100e-02  1.82863108e+01]
[-29.88073314  -0.03400562  29.81272191]
[-34.58805343  -0.05214373  34.48376597]
>>> teste conv DP 
0.0
-0.0004192112469674214
-0.002388767385962609
-0.006293533196313206
-0.00824955309661135
-0.016215650038862606

>>> DX  >>> P >>> delta theta
[0, -9.92390910048564e-05, -0.00012997054076188067, -7.506478942220389e-05, -0.0001414819484193315, -0.00013687677804840535]


>>> Ângulos
[[-0.5729578   0.          0.5729578 ]
 [-0.64783059 -0.07487279  0.498085  ]
 [-0.81550066 -0.24254286  0.33041493]
 [-0.86114443 -0.28818664  0.28477116]
 [-0.85268554 -0.27972774  0.29323005]
 [-0.95624187 -0.38328407  0.18967372]]

>>> DQ 
[-289.74989148   -7.55071111  271.8129143 ]
[-198.93911468  -12.44572235  172.28759999]
[-307.57762232  -30.57916874  243.76192987]
[-176.17563634    4.86365925  184.10838487]
[-247.88944754   24.25022356  293.69803969]
[-246.32563307   22.03860259  287.76098328]
>>> DX  >>> Q >>> delta v 
[0, -9.92390910048564e-05, -0.00012997054076188067, -7.506478942220389e-05, -0.0001414819484193315, -0.00013687677804840535]
>>> Módulo de Tensão
[[0.97       1.         1.03      ]
 [0.97       1.         1.03      ]
 [0.97       1.         1.03      ]
 [0.94503593 0.97503593 1.00503593]
 [0.93989426 0.96989426 0.99989426]
 [0.93423258 0.96423258 0.99423258]]
=============================================================================================================
==========================       ITERAÇÃO  17.0        ======================================================
=============================================================================================================

>>> P liq

[3.2 3.5 3.7]
[1.6 1.9 2.2]
[1.2 1.5 1.8]
[-2.1 -2.  -1.9]
[-2.1 -2.  -1.9]
[-3.1  -3.   -2.85]


>>> Q liq

[0.9  1.15 1.25]
[-0.2   0.01  0.25]
[-0.6  -0.39 -0.15]
[-1.6 -1.5 -1.4]
[-1.6 -1.5 -1.4]
[-2.35 -2.25 -2.1 ]


>>> DP 
[-12.85447996  -2.40664887   7.79313008]
[-9.6780544  -0.01341645  9.55252008]
[-12.65311286   0.29312773  13.09131618]
[-9.15829522  0.03419025  9.12797429]
[-14.35184292   0.63417829  15.47214736]
[-16.12893307   1.16571172  18.36230438]
>>> diff DP 
[0. 0. 0.]
[-1.92500614e+01 -1.91730329e-02  1.92117154e+01]
[-25.77653589  -0.03034621  25.71584347]
[-18.31154104  -0.01972554  18.27208995]
[-29.87416056  -0.04292643  29.7883077 ]
[-34.55402019  -0.04855444  34.45691131]
>>> teste conv DP 
0.0
-0.0003139099988977989
-0.0017606371747902472
-0.005545986941029923
-0.007243846948924215
-0.014228300179226494

>>> DX  >>> P >>> delta theta
[0, -9.07981016925108e-05, -0.00012961918045815635, -7.423707499589932e-05, -0.0001379780699391155, -0.00011531454162996291]


>>> Ângulos
[[-0.5729578   0.          0.5729578 ]
 [-0.65303293 -0.08007514  0.49288266]
 [-0.82292729 -0.2499695   0.3229883 ]
 [-0.8653979  -0.29244011  0.28051769]
 [-0.8605911  -0.2876333   0.28532449]
 [-0.96284891 -0.38989111  0.18306668]]

>>> DQ 
[-289.93922148   -7.80702899  271.48960854]
[-199.08373825  -12.63871685  172.04623457]
[-307.93965024  -31.06241234  243.15747058]
[-175.77752701    5.09301508  184.1689872 ]
[-247.44453189   24.51643368  293.78554428]
[-245.67603072   22.41721202  287.86859978]
>>> DX  >>> Q >>> delta v 
[0, -9.07981016925108e-05, -0.00012961918045815635, -7.423707499589932e-05, -0.0001379780699391155, -0.00011531454162996291]
>>> Módulo de Tensão
[[0.97       1.         1.03      ]
 [0.97       1.         1.03      ]
 [0.97       1.         1.03      ]
 [0.94456923 0.97456923 1.00456923]
 [0.93955973 0.96955973 0.99955973]
 [0.9337272  0.9637272  0.9937272 ]]
=============================================================================================================
==========================       ITERAÇÃO  18.0        ======================================================
=============================================================================================================

>>> P liq

[3.2 3.5 3.7]
[1.6 1.9 2.2]
[1.2 1.5 1.8]
[-2.1 -2.  -1.9]
[-2.1 -2.  -1.9]
[-3.1  -3.   -2.85]


>>> Q liq

[0.9  1.15 1.25]
[-0.2   0.01  0.25]
[-0.6  -0.39 -0.15]
[-1.6 -1.5 -1.4]
[-1.6 -1.5 -1.4]
[-2.35 -2.25 -2.1 ]


>>> DP 
[-13.0144105   -2.5642119    7.63793456]
[-9.66402489e+00  4.56547678e-04  9.56623656e+00]
[-12.60620706   0.33824908  13.13465307]
[-9.12557227  0.06188115  9.15063314]
[-14.29516006   0.68434606  15.51580003]
[-16.09862487   1.18356291  18.36769855]
>>> diff DP 
[0. 0. 0.]
[-1.92442910e+01 -1.38729939e-02  1.92165450e+01]
[-25.78776593  -0.04512135  25.69752324]
[-18.30892837  -0.0276909   18.25354656]
[-29.86764295  -0.05016776  29.76730743]
[-3.44966316e+01 -1.78511887e-02  3.44609293e+01]
>>> teste conv DP 
0.0
-0.00015651370995328762
-0.0017844577519117166
-0.005032047748649404
-0.00651509078162249
-0.012457010804386215

>>> DX  >>> P >>> delta theta
[0, -9.143889128996497e-05, -0.00012005174875771628, -3.1552977191639224e-05, -0.00011650550188343342, -0.00011524568225184749]


>>> Ângulos
[[-0.5729578   0.          0.5729578 ]
 [-0.658272   -0.0853142   0.48764359]
 [-0.82980575 -0.25684795  0.31610984]
 [-0.86720575 -0.29424796  0.27870984]
 [-0.86726637 -0.29430858  0.27864922]
 [-0.969452   -0.3964942   0.17646359]]

>>> DQ 
[-290.10658942   -8.03345948  271.20411549]
[-199.2103886   -12.80742884  171.83546094]
[-308.2561918   -31.48482564  242.62918555]
[-175.42316374    5.29899158  184.22657691]
[-247.0574022    24.74764303  293.8608333 ]
[-245.11028968   22.74577943  287.95999357]
>>> DX  >>> Q >>> delta v 
[0, -9.143889128996497e-05, -0.00012005174875771628, -3.1552977191639224e-05, -0.00011650550188343342, -0.00011524568225184749]
>>> Módulo de Tensão
[[0.97       1.         1.03      ]
 [0.97       1.         1.03      ]
 [0.97       1.         1.03      ]
 [0.94415968 0.97415968 1.00415968]
 [0.9392679  0.9692679  0.9992679 ]
 [0.9332848  0.9632848  0.9932848 ]]
=============================================================================================================
==========================       ITERAÇÃO  19.0        ======================================================
=============================================================================================================

>>> P liq

[3.2 3.5 3.7]
[1.6 1.9 2.2]
[1.2 1.5 1.8]
[-2.1 -2.  -1.9]
[-2.1 -2.  -1.9]
[-3.1  -3.   -2.85]


>>> Q liq

[0.9  1.15 1.25]
[-0.2   0.01  0.25]
[-0.6  -0.39 -0.15]
[-1.6 -1.5 -1.4]
[-1.6 -1.5 -1.4]
[-2.35 -2.25 -2.1 ]


>>> DP 
[-13.14724622  -2.6951427    7.50890868]
[-9.63772337  0.02644133  9.59190462]
[-12.56026548   0.38259515  13.17740363]
[-9.13595461  0.04761238  9.13247794]
[-14.26761525   0.70641065  15.53238442]
[-16.03744767   1.2338355   18.40706653]
>>> diff DP 
[0. 0. 0.]
[-19.25592951  -0.02598479  19.20395993]
[-25.78361069  -0.04434607  25.69491855]
[-1.82580502e+01  1.42687712e-02  1.82865878e+01]
[-2.98275445e+01 -2.20645978e-02  2.97834153e+01]
[-34.5056914   -0.05027259  34.40514622]
>>> teste conv DP 
0.0
-0.0003167317592094321
-0.001595507163065335
-0.00388643416168577
-0.005480213102128317
-0.010904615021949837

>>> DX  >>> P >>> delta theta
[0, -7.927393497823473e-05, -9.881911068550558e-05, -6.202617647988777e-05, -0.00011522846230289256, -0.0001069699558745245]


>>> Ângulos
[[-0.5729578   0.          0.5729578 ]
 [-0.66281406 -0.08985626  0.48310153]
 [-0.83546767 -0.26250987  0.31044792]
 [-0.87075959 -0.2978018   0.275156  ]
 [-0.87386848 -0.30091068  0.27204711]
 [-0.97558092 -0.40262313  0.17033467]]

>>> DQ 
[-290.25281124   -8.23153162  270.95419303]
[-199.32050375  -12.9542447   171.65194438]
[-308.53188928  -31.85309364  242.16834703]
[-175.11380131    5.47838745  184.27600623]
[-246.72159584   24.94735327  293.9244474 ]
[-244.6147531    23.03372836  288.04035485]
>>> DX  >>> Q >>> delta v 
[0, -7.927393497823473e-05, -9.881911068550558e-05, -6.202617647988777e-05, -0.00011522846230289256, -0.0001069699558745245]
>>> Módulo de Tensão
[[0.97       1.         1.03      ]
 [0.97       1.         1.03      ]
 [0.97       1.         1.03      ]
 [0.94379833 0.97379833 1.00379833]
 [0.93901379 0.96901379 0.99901379]
 [0.93289564 0.96289564 0.99289564]]
=============================================================================================================
==========================       ITERAÇÃO  20.0        ======================================================
=============================================================================================================

>>> P liq

[3.2 3.5 3.7]
[1.6 1.9 2.2]
[1.2 1.5 1.8]
[-2.1 -2.  -1.9]
[-2.1 -2.  -1.9]
[-3.1  -3.   -2.85]


>>> Q liq

[0.9  1.15 1.25]
[-0.2   0.01  0.25]
[-0.6  -0.39 -0.15]
[-1.6 -1.5 -1.4]
[-1.6 -1.5 -1.4]
[-2.35 -2.25 -2.1 ]


>>> DP 
[-13.27708113  -2.82300974   7.3830095 ]
[-9.62197075  0.04207637  9.60742207]
[-12.5389014    0.40291832  13.1966859 ]
[-9.114633    0.06518624  9.14630405]
[-14.22408624   0.74507853  15.56619116]
[-15.99445194   1.26724677  18.43089334]
>>> diff DP 
[0. 0. 0.]
[-1.92451454e+01 -1.56350381e-02  1.92138754e+01]
[-2.57569514e+01 -2.03231732e-02  2.57163050e+01]
[-1.82822587e+01 -1.75738608e-02  1.82471109e+01]
[-29.83380642  -0.03866788  29.75647066]
[-3.44683410e+01 -3.34112645e-02  3.44015185e+01]
>>> teste conv DP 
0.0
-0.00011758289444685488
-0.0010409056340883183
-0.003747747059797746
-0.004861134510973031
-0.00958445955465237
>>> DQ 
[-290.38730572   -8.41167636  270.72839803]
[-199.4150725   -13.08091554  171.49317143]
[-308.77125424  -32.17372418  241.76645092]
[-174.83987783    5.63773144  184.32077072]
[-246.42919505   25.12069584  293.97873176]
[-244.17746672   23.28856847  288.11274868]
>>> DX  >>> Q >>> delta v 
[0, 0, 0, -0.00036135321742198837, -0.00025410912630611355, -0.0003891599316509196]
>>> Módulo de Tensão
[[0.97       1.         1.03      ]
 [0.97       1.         1.03      ]
 [0.97       1.         1.03      ]
 [0.9434796  0.9734796  1.0034796 ]
 [0.93879247 0.96879247 0.99879247]
 [0.93255497 0.96255497 0.99255497]]
=============================================================================================================
==========================       ITERAÇÃO  20.5        ======================================================
=============================================================================================================

>>> P liq

[3.2 3.5 3.7]
[1.6 1.9 2.2]
[1.2 1.5 1.8]
[-2.1 -2.  -1.9]
[-2.1 -2.  -1.9]
[-3.1  -3.   -2.85]


>>> Q liq

[0.9  1.15 1.25]
[-0.2   0.01  0.25]
[-0.6  -0.39 -0.15]
[-1.6 -1.5 -1.4]
[-1.6 -1.5 -1.4]
[-2.35 -2.25 -2.1 ]


>>> DP 
[-13.28433575  -2.83092078   7.37444204]
[-9.62717649  0.03641607  9.60130721]
[-12.5526668    0.38800275  13.18062016]
[-9.10335292  0.07273587  9.15012323]
[-14.21167909   0.75333243  15.5702918 ]
[-15.97531691   1.27799036  18.43324548]
>>> diff DP 
[0. 0. 0.]
[-1.92232780e+01  5.66029822e-03  1.92345986e+01]
[-2.57195216e+01  1.49155705e-02  2.57493527e+01]
[-1.82647562e+01 -7.54963041e-03  1.82496570e+01]
[-2.97943780e+01 -8.25389512e-03  2.97778703e+01]
[-3.44276974e+01 -1.07435884e-02  3.44062102e+01]
>>> teste conv DP 
0.0
-0.000454558089359125
-0.0011501714085575543
-0.003730452375172888
-0.004153255749647755
-0.0083914443428732
>>> DQ 
[-290.50593475   -8.57057059  270.52923861]
[-199.49743739  -13.19123985  171.35488771]
[-308.98037047  -32.45383637  241.41534276]
[-174.59745744    5.77943644  184.36176034]
[-246.17524549   25.27076058  294.02491168]
[-243.79536505   23.51085862  288.17522732]
>>> DX  >>> Q >>> delta v 
[0, 0, 0, -0.00031872672031278384, -0.00022131700782629314, -0.00034066156047133945]
>>> Módulo de Tensão
[[0.97       1.         1.03      ]
 [0.97       1.         1.03      ]
 [0.97       1.         1.03      ]
 [0.94319896 0.97319896 1.00319896]
 [0.93859967 0.96859967 0.99859967]
 [0.93225646 0.96225646 0.99225646]]
=============================================================================================================
==========================       ITERAÇÃO  21.0        ======================================================
=============================================================================================================

>>> P liq

[3.2 3.5 3.7]
[1.6 1.9 2.2]
[1.2 1.5 1.8]
[-2.1 -2.  -1.9]
[-2.1 -2.  -1.9]
[-3.1  -3.   -2.85]


>>> Q liq

[0.9  1.15 1.25]
[-0.2   0.01  0.25]
[-0.6  -0.39 -0.15]
[-1.6 -1.5 -1.4]
[-1.6 -1.5 -1.4]
[-2.35 -2.25 -2.1 ]


>>> DP 
[-13.29072348  -2.83788651   7.36689833]
[-9.63171153  0.03148505  9.5959802 ]
[-12.56470083   0.37496316  13.16657501]
[-9.09339137  0.07941599  9.15352191]
[-14.20091546   0.76047472  15.57381275]
[-15.95856252   1.28739191  18.4352942 ]
>>> diff DP 
[0. 0. 0.]
[-1.92231567e+01  4.93102452e-03  1.92330187e+01]
[-2.57192418e+01  1.30395847e-02  2.57453210e+01]
[-1.82568748e+01 -6.68011392e-03  1.82435146e+01]
[-2.97854918e+01 -7.14228745e-03  2.97712073e+01]
[-3.44106111e+01 -9.40155397e-03  3.43918080e+01]
>>> teste conv DP 
0.0
-0.00039599275530122213
-0.0010055616315618465
-0.003281435358715612
-0.003621336249047147
-0.007352837646358523
>>> DQ 
[-290.61038835   -8.71047793  270.35387751]
[-199.56919039  -13.28734995  171.2344205 ]
[-309.16319396  -32.6987293   241.10838039]
[-174.3835847     5.90482788  184.39867048]
[-245.95471754   25.40058976  294.06404209]
[-243.46078319   23.70541273  288.22975367]
>>> DX  >>> Q >>> delta v 
[0, 0, 0, -0.00028064083370095156, -0.0001928024905393217, -0.00029851690718952573]
>>> Módulo de Tensão
[[0.97       1.         1.03      ]
 [0.97       1.         1.03      ]
 [0.97       1.         1.03      ]
 [0.94295247 0.97295247 1.00295247]
 [0.93843135 0.96843135 0.99843135]
 [0.93199563 0.96199563 0.99199563]]
=============================================================================================================
==========================       ITERAÇÃO  21.5        ======================================================
=============================================================================================================

>>> P liq

[3.2 3.5 3.7]
[1.6 1.9 2.2]
[1.2 1.5 1.8]
[-2.1 -2.  -1.9]
[-2.1 -2.  -1.9]
[-3.1  -3.   -2.85]


>>> Q liq

[0.9  1.15 1.25]
[-0.2   0.01  0.25]
[-0.6  -0.39 -0.15]
[-1.6 -1.5 -1.4]
[-1.6 -1.5 -1.4]
[-2.35 -2.25 -2.1 ]


>>> DP 
[-13.29633387  -2.84400454   7.36027264]
[-9.63567067  0.0271802   9.59132964]
[-12.57521206   0.3635736   13.15430713]
[-9.08461353  0.08531472  9.15654154]
[-14.19152664   0.76670182  15.57687815]
[-15.94395598   1.29557027  18.43704438]
>>> diff DP 
[0. 0. 0.]
[-1.92230412e+01  4.30485365e-03  1.92316509e+01]
[-2.57190080e+01  1.13895586e-02  2.57417871e+01]
[-1.82499329e+01 -5.89873094e-03  1.82381354e+01]
[-2.97777936e+01 -6.22710794e-03  2.97653394e+01]
[-3.43956069e+01 -8.17836180e-03  3.43792502e+01]
>>> teste conv DP 
0.0
-0.0003457072356525259
-0.000878324614159709
-0.0028791051693950465
-0.003161711548216317
-0.006428178984783983
>>> DQ 
[-290.7021306    -8.83335945  270.19985674]
[-199.63183176  -13.37125543  171.12925092]
[-309.32288408  -32.91263498  240.84025915]
[-174.19532526    6.01555778  184.43187083]
[-245.76232929   25.51378124  294.09803679]
[-243.16898085   23.87475994  288.27664575]
>>> DX  >>> Q >>> delta v 
[0, 0, 0, -0.0002464886385369914, -0.0001683192814494111, -0.00026083157609117476]
>>> Módulo de Tensão
[[0.97       1.         1.03      ]
 [0.97       1.         1.03      ]
 [0.97       1.         1.03      ]
 [0.9427369  0.9727369  1.0027369 ]
 [0.93828468 0.96828468 0.99828468]
 [0.93176649 0.96176649 0.99176649]]
=============================================================================================================
==========================       ITERAÇÃO  22.0        ======================================================
=============================================================================================================

>>> P liq

[3.2 3.5 3.7]
[1.6 1.9 2.2]
[1.2 1.5 1.8]
[-2.1 -2.  -1.9]
[-2.1 -2.  -1.9]
[-3.1  -3.   -2.85]


>>> Q liq

[0.9  1.15 1.25]
[-0.2   0.01  0.25]
[-0.6  -0.39 -0.15]
[-1.6 -1.5 -1.4]
[-1.6 -1.5 -1.4]
[-2.35 -2.25 -2.1 ]


>>> DP 
[-13.30124053  -2.84935517   7.35447804]
[-9.63912057  0.02342906  9.58727726]
[-12.58441611   0.3536004   13.14356477]
[-9.076964    0.09044447  9.15915152]
[-14.18339156   0.77207836  15.57949614]
[-15.93107897   1.30280972  18.43864626]
>>> diff DP 
[0. 0. 0.]
[-1.92229479e+01  3.75113544e-03  1.92304502e+01]
[-2.57187768e+01  9.97320316e-03  2.57387232e+01]
[-1.82437650e+01 -5.12975642e-03  1.82335055e+01]
[-2.97710228e+01 -5.37653460e-03  2.97602697e+01]
[-3.43826022e+01 -7.23944401e-03  3.43681233e+01]
>>> teste conv DP 
0.0
-0.0003012401277793231
-0.0007691545557939605
-0.0025197742782872012
-0.0027585482901173464
-0.005637567064876947
>>> DQ 
[-290.78236528   -8.94082747  270.06515538]
[-199.68641579  -13.44436843  171.03760894]
[-309.46272491  -33.09995243  240.60546509]
[-174.03111054    6.11185496  184.46025048]
[-245.5953986    25.61148357  294.12651078]
[-242.91195242   24.02448983  288.31907712]
>>> DX  >>> Q >>> delta v 
[0, 0, 0, -0.00021557063622042636, -0.00014666896328124042, -0.0002291388637950618]
>>> Módulo de Tensão
[[0.97       1.         1.03      ]
 [0.97       1.         1.03      ]
 [0.97       1.         1.03      ]
 [0.94254721 0.97254721 1.00254721]
 [0.93815661 0.96815661 0.99815661]
 [0.93156639 0.96156639 0.99156639]]
=============================================================================================================
==========================       ITERAÇÃO  22.5        ======================================================
=============================================================================================================

>>> P liq

[3.2 3.5 3.7]
[1.6 1.9 2.2]
[1.2 1.5 1.8]
[-2.1 -2.  -1.9]
[-2.1 -2.  -1.9]
[-3.1  -3.   -2.85]


>>> Q liq

[0.9  1.15 1.25]
[-0.2   0.01  0.25]
[-0.6  -0.39 -0.15]
[-1.6 -1.5 -1.4]
[-1.6 -1.5 -1.4]
[-2.35 -2.25 -2.1 ]


>>> DP 
[-13.30555825  -2.85406358   7.34937895]
[-9.64213303  0.02015356  9.58373871]
[-12.59245346   0.3448914   13.13418411]
[-9.07019829  0.09499608  9.16148902]
[-14.17628987   0.77677136  15.58178046]
[-15.91987105   1.30908932  18.43999755]
>>> diff DP 
[0. 0. 0.]
[-1.92228593e+01  3.27550366e-03  1.92294103e+01]
[-2.57186002e+01  8.70900655e-03  2.57360182e+01]
[-1.82384530e+01 -4.55160596e-03  1.82293498e+01]
[-2.97651720e+01 -4.69300571e-03  2.97557860e+01]
[-3.43710765e+01 -6.27960484e-03  3.43585173e+01]
>>> teste conv DP 
0.0
-0.0002630438586948003
-0.0006716574514982199
-0.002214100640490102
-0.002408681647594335
-0.004928313858652444
>>> DQ 
[-290.85296962   -9.0353964   269.94662184]
[-199.73407874  -13.50821095  170.95758687]
[-309.58483969  -33.26352573  240.40043325]
[-173.88609601    6.19730299  184.48613201]
[-245.44967138   25.69676548  294.15134736]
[-242.68809529   24.1544945   288.35522931]
>>> DX  >>> Q >>> delta v 
[0, 0, 0, -0.00018969629625330145, -0.0001280718154530994, -0.00020009904648035399]
>>> Módulo de Tensão
[[0.97       1.         1.03      ]
 [0.97       1.         1.03      ]
 [0.97       1.         1.03      ]
 [0.94238047 0.97238047 1.00238047]
 [0.93804513 0.96804513 0.99804513]
 [0.93139107 0.96139107 0.99139107]]
=============================================================================================================
==========================       ITERAÇÃO  23.0        ======================================================
=============================================================================================================

>>> P liq

[3.2 3.5 3.7]
[1.6 1.9 2.2]
[1.2 1.5 1.8]
[-2.1 -2.  -1.9]
[-2.1 -2.  -1.9]
[-3.1  -3.   -2.85]


>>> Q liq

[0.9  1.15 1.25]
[-0.2   0.01  0.25]
[-0.6  -0.39 -0.15]
[-1.6 -1.5 -1.4]
[-1.6 -1.5 -1.4]
[-2.35 -2.25 -2.1 ]


>>> DP 
[-13.30935342  -2.85820215   7.34489697]
[-9.64475518  0.01730244  9.58065863]
[-12.59947707   0.3372808   13.12598654]
[-9.0642397   0.09900979  9.16355785]
[-14.1701366    0.78082586  15.58373618]
[-15.91004958   1.31459409  18.44118561]
>>> diff DP 
[0. 0. 0.]
[-1.92227917e+01  2.85111534e-03  1.92284939e+01]
[-2.57184400e+01  7.61059135e-03  2.57336612e+01]
[-1.82337561e+01 -4.01371096e-03  1.82257287e+01]
[-2.97600261e+01 -4.05449642e-03  2.97519171e+01]
[-3.43610567e+01 -5.50476811e-03  3.43500471e+01]
>>> teste conv DP 
0.0
-0.00022896276669470694
-0.0005869787139438642
-0.0019448814028564243
-0.0020987730692034745
-0.004316702154525842
>>> DQ 
[-290.91502911   -9.11852019  269.84243375]
[-199.77556628  -13.56378175  170.88793279]
[-309.69155841  -33.40647595  240.22125154]
[-173.7584632     6.27265554  184.50920429]
[-245.32326151   25.77042682  294.17226017]
[-242.49195071   24.26844619  288.38698812]
>>> DX  >>> Q >>> delta v 
[0, 0, 0, -0.00016673842242190997, -0.00011147828102790119, -0.00017531722578868492]
>>> Módulo de Tensão
[[0.97       1.         1.03      ]
 [0.97       1.         1.03      ]
 [0.97       1.         1.03      ]
 [0.94223414 0.97223414 1.00223414]
 [0.93794763 0.96794763 0.99794763]
 [0.93123788 0.96123788 0.99123788]]
=============================================================================================================
==========================       ITERAÇÃO  23.5        ======================================================
=============================================================================================================

>>> P liq

[3.2 3.5 3.7]
[1.6 1.9 2.2]
[1.2 1.5 1.8]
[-2.1 -2.  -1.9]
[-2.1 -2.  -1.9]
[-3.1  -3.   -2.85]


>>> Q liq

[0.9  1.15 1.25]
[-0.2   0.01  0.25]
[-0.6  -0.39 -0.15]
[-1.6 -1.5 -1.4]
[-1.6 -1.5 -1.4]
[-2.35 -2.25 -2.1 ]


>>> DP 
[-13.31268413  -2.86183423   7.34096352]
[-9.64704866  0.01480869  9.57796462]
[-12.60561674   0.33062803  13.11882066]
[-9.05899582  0.10254824  9.16539087]
[-14.16475198   0.78437514  15.58545012]
[-15.90148659   1.3193825   18.44219944]
>>> diff DP 
[0. 0. 0.]
[-1.92227198e+01  2.49374877e-03  1.92277073e+01]
[-2.57182977e+01  6.65277233e-03  2.57316033e+01]
[-1.82296306e+01 -3.53845067e-03  1.82225537e+01]
[-2.97555867e+01 -3.54927902e-03  2.97484882e+01]
[-3.43522490e+01 -4.78840686e-03  3.43426722e+01]
>>> teste conv DP 
0.0
-0.0002002639499067982
-0.0005131011111192407
-0.0017054292368214874
-0.001835343915821852
-0.003774581054596382
>>> DQ 
[-290.96949353   -9.19147098  269.75099659]
[-199.81185365  -13.61238716  170.82700935]
[-309.78484549  -33.53143443  240.06462166]
[-173.6462369     6.33908779  184.5298425 ]
[-245.21266124   25.83491234  294.19063095]
[-242.32086615   24.36763382  288.41427881]
>>> DX  >>> Q >>> delta v 
[0, 0, 0, -0.00014633234670791498, -9.750528965516146e-05, -0.00015319409584806573]
>>> Módulo de Tensão
[[0.97       1.         1.03      ]
 [0.97       1.         1.03      ]
 [0.97       1.         1.03      ]
 [0.94210613 0.97210613 1.00210613]
 [0.93786197 0.96786197 0.99786197]
 [0.93110388 0.96110388 0.99110388]]
=============================================================================================================
==========================       ITERAÇÃO  24.0        ======================================================
=============================================================================================================

>>> P liq

[3.2 3.5 3.7]
[1.6 1.9 2.2]
[1.2 1.5 1.8]
[-2.1 -2.  -1.9]
[-2.1 -2.  -1.9]
[-3.1  -3.   -2.85]


>>> Q liq

[0.9  1.15 1.25]
[-0.2   0.01  0.25]
[-0.6  -0.39 -0.15]
[-1.6 -1.5 -1.4]
[-1.6 -1.5 -1.4]
[-2.35 -2.25 -2.1 ]


>>> DP 
[-13.31559777  -2.86501151   7.3375226 ]
[-9.64906355  0.01261787  9.57559786]
[-12.61099641   0.32479879  13.11254185]
[-9.05440927  0.10564302  9.16699388]
[-14.16000823   0.78750771  15.58697151]
[-15.89400729   1.32355891  18.44307296]
>>> diff DP 
[0. 0. 0.]
[-1.92226465e+01  2.19082043e-03  1.92270282e+01]
[-2.57181586e+01  5.82924093e-03  2.57298171e+01]
[-1.82259897e+01 -3.09478141e-03  1.82198001e+01]
[-2.97517235e+01 -3.13257423e-03  2.97454583e+01]
[-3.43445596e+01 -4.17641256e-03  3.43362067e+01]
>>> teste conv DP 
0.0
-0.0001759368696703234
-0.0004495683984568899
-0.0014917707111372636
-0.0016111805279024338
-0.0033028896504987415
>>> DQ 
[-291.01713802   -9.25528701  269.67100902]
[-199.84373301  -13.65508822  170.77348659]
[-309.86658194  -33.64092078  239.9273854 ]
[-173.54807957    6.39719162  184.54789282]
[-245.11529889   25.89183667  294.20711726]
[-242.1713946    24.45417982  288.43789926]
>>> DX  >>> Q >>> delta v 
[0, 0, 0, -0.00012800888936813552, -8.566082635636776e-05, -0.00013399744082795857]
>>> Módulo de Tensão
[[0.97       1.         1.03      ]
 [0.97       1.         1.03      ]
 [0.97       1.         1.03      ]
 [0.94199447 0.97199447 1.00199447]
 [0.93778748 0.96778748 0.99778748]
 [0.93098576 0.96098576 0.99098576]]
=============================================================================================================
==========================       ITERAÇÃO  24.5        ======================================================
=============================================================================================================

>>> P liq

[3.2 3.5 3.7]
[1.6 1.9 2.2]
[1.2 1.5 1.8]
[-2.1 -2.  -1.9]
[-2.1 -2.  -1.9]
[-3.1  -3.   -2.85]


>>> Q liq

[0.9  1.15 1.25]
[-0.2   0.01  0.25]
[-0.6  -0.39 -0.15]
[-1.6 -1.5 -1.4]
[-1.6 -1.5 -1.4]
[-2.35 -2.25 -2.1 ]


>>> DP 
[-13.31813917  -2.86778287   7.33452129]
[-9.65081564  0.01071279  9.57353979]
[-12.61571306   0.31968793  13.10703679]
[-9.05043899  0.10830971  9.16835698]
[-14.15592158   0.79019019  15.58824983]
[-15.88736437   1.32729944  18.4439111 ]
>>> diff DP 
[0. 0. 0.]
[-1.92226033e+01  1.90508753e-03  1.92264135e+01]
[-2.57180332e+01  5.11085589e-03  2.57282549e+01]
[-1.82227662e+01 -2.66668498e-03  1.82174329e+01]
[-2.97482581e+01 -2.68248033e-03  2.97428931e+01]
[-3.43379184e+01 -3.74053040e-03  3.43304373e+01]
>>> teste conv DP 
0.0
-0.00015299069346497163
-0.00039421109281434497
-0.0013035901126414728
-0.0014041655494363425
-0.002902391920908798
>>> DQ 
[-291.05869553   -9.31095003  269.60124051]
[-199.87145458  -13.69222009  170.72694442]
[-309.9382531   -33.73692463  239.80704888]
[-173.46292794    6.44725782  184.5628736 ]
[-245.03122138   25.94055692  294.22048026]
[-242.03886309   24.53150777  288.46002366]
>>> DX  >>> Q >>> delta v 
[0, 0, 0, -0.00011165471748528868, -7.448870297387638e-05, -0.00011812006969663913]
>>> Módulo de Tensão
[[0.97       1.         1.03      ]
 [0.97       1.         1.03      ]
 [0.97       1.         1.03      ]
 [0.94189612 0.97189612 1.00189612]
 [0.93772225 0.96772225 0.99772225]
 [0.93088284 0.96088284 0.99088284]]
=============================================================================================================
==========================       ITERAÇÃO  25.0        ======================================================
=============================================================================================================

>>> P liq

[3.2 3.5 3.7]
[1.6 1.9 2.2]
[1.2 1.5 1.8]
[-2.1 -2.  -1.9]
[-2.1 -2.  -1.9]
[-3.1  -3.   -2.85]


>>> Q liq

[0.9  1.15 1.25]
[-0.2   0.01  0.25]
[-0.6  -0.39 -0.15]
[-1.6 -1.5 -1.4]
[-1.6 -1.5 -1.4]
[-2.35 -2.25 -2.1 ]


>>> DP 
[-13.32037775  -2.870224     7.3318776 ]
[-9.65234987e+00  9.04459108e-03  9.57173763e+00]
[-12.61983071   0.31522615  13.10223087]
[-9.04691553  0.1106872   9.16958851]
[-14.15233124   0.79255202  15.58938315]
[-15.88160988   1.33051966  18.44459706]
>>> diff DP 
[0. 0. 0.]
[-1.92225533e+01  1.66819415e-03  1.92258897e+01]
[-2.57179439e+01  4.46178684e-03  2.57268675e+01]
[-1.82200275e+01 -2.37749368e-03  1.82152725e+01]
[-2.97453047e+01 -2.36182917e-03  2.97405811e+01]
[-3.43319614e+01 -3.22022338e-03  3.43255210e+01]
>>> teste conv DP 
0.0
-0.00013396664227371957
-0.00034413205245087397
-0.0011459673251437152
-0.0012285071080579968
-0.0025342615038468352
>>> DQ 
[-291.09530123   -9.35998046  269.53978533]
[-199.89572903  -13.72473469  170.68618966]
[-310.00081967  -33.82073283  239.70199904]
[-173.38752631    6.49189624  184.57674881]
[-244.95742076   25.98346195  294.23248968]
[-241.92391608   24.59819764  288.47845638]
>>> DX  >>> Q >>> delta v 
[0, 0, 0, -9.835039350139171e-05, -6.522619905129853e-05, -0.0001029149539163935]
>>> Módulo de Tensão
[[0.97       1.         1.03      ]
 [0.97       1.         1.03      ]
 [0.97       1.         1.03      ]
 [0.94181003 0.97181003 1.00181003]
 [0.93766436 0.96766436 0.99766436]
 [0.93079263 0.96079263 0.99079263]]
=============================================================================================================
==========================       ITERAÇÃO  25.5        ======================================================
=============================================================================================================

>>> P liq

[3.2 3.5 3.7]
[1.6 1.9 2.2]
[1.2 1.5 1.8]
[-2.1 -2.  -1.9]
[-2.1 -2.  -1.9]
[-3.1  -3.   -2.85]


>>> Q liq

[0.9  1.15 1.25]
[-0.2   0.01  0.25]
[-0.6  -0.39 -0.15]
[-1.6 -1.5 -1.4]
[-1.6 -1.5 -1.4]
[-2.35 -2.25 -2.1 ]


>>> DP 
[-13.32233741  -2.87236098   7.3295633 ]
[-9.65371152e+00  7.56405090e-03  9.57013819e+00]
[-12.62345801   0.31129574  13.09799734]
[-9.0438344   0.11276494  9.17066286]
[-14.14911844   0.79467677  15.59041983]
[-15.87658024   1.33332553  18.44517916]
>>> diff DP 
[0. 0. 0.]
[-1.92224881e+01  1.48054017e-03  1.92254491e+01]
[-2.57178281e+01  3.93041099e-03  2.57256889e+01]
[-1.82175784e+01 -2.07774028e-03  1.82134229e+01]
[-2.97427511e+01 -2.12474412e-03  2.97385016e+01]
[-3.43267890e+01 -2.80587026e-03  3.43211773e+01]
>>> teste conv DP 
0.0
-0.0001188968296936821
-0.00030311501268798224
-0.001003390237499957
-0.001088064973089331
-0.002223772906997823
>>> DQ 
[-291.12734609   -9.40290202  269.48598707]
[-199.91727287  -13.75359175  170.65001938]
[-310.05592944  -33.89455263  239.60946921]
[-173.32157241    6.53090709  184.58881662]
[-244.89152327   26.02207828  294.24382486]
[-241.82338779   24.65635786  288.49424854]
>>> DX  >>> Q >>> delta v 
[0, 0, 0, -8.60965743665882e-05, -5.788895017704151e-05, -9.021290187356641e-05]
>>> Módulo de Tensão
[[0.97       1.         1.03      ]
 [0.97       1.         1.03      ]
 [0.97       1.         1.03      ]
 [0.94173483 0.97173483 1.00173483]
 [0.93761524 0.96761524 0.99761524]
 [0.93071449 0.96071449 0.99071449]]
=============================================================================================================
==========================       ITERAÇÃO  26.0        ======================================================
=============================================================================================================

>>> P liq

[3.2 3.5 3.7]
[1.6 1.9 2.2]
[1.2 1.5 1.8]
[-2.1 -2.  -1.9]
[-2.1 -2.  -1.9]
[-3.1  -3.   -2.85]


>>> Q liq

[0.9  1.15 1.25]
[-0.2   0.01  0.25]
[-0.6  -0.39 -0.15]
[-1.6 -1.5 -1.4]
[-1.6 -1.5 -1.4]
[-2.35 -2.25 -2.1 ]


>>> DP 
[-13.32404906  -2.8742275    7.32754191]
[-9.65486685e+00  6.30783316e-03  9.56878109e+00]
[-12.62657422   0.30791907  13.09436022]
[-9.04112799  0.11459628  9.17161913]
[-14.14643042   0.79643844  15.59125516]
[-15.87221516   1.33576616  18.44569534]
>>> diff DP 
[0. 0. 0.]
[-1.92224926e+01  1.25621774e-03  1.92250050e+01]
[-2.57178182e+01  3.37666693e-03  2.57245716e+01]
[-1.82154535e+01 -1.83134201e-03  1.82117908e+01]
[-2.97403736e+01 -1.76167009e-03  2.97368503e+01]
[-3.43222756e+01 -2.44062888e-03  3.43173943e+01]
>>> teste conv DP 
0.0
-0.00010088230621363437
-0.000260456694270772
-0.0008750668140891094
-0.0009263413740896453
-0.001924451856986309
>>> DQ 
[-291.15533522   -9.44039127  269.43899772]
[-199.93555252  -13.77807657  170.6193294 ]
[-310.10328273  -33.95798257  239.52996262]
[-173.263736      6.56529265  184.59975131]
[-244.83618903   26.05407083  294.25247572]
[-241.73618242   24.70691494  288.50815734]
>>> DX  >>> Q >>> delta v 
[0, 0, 0, -7.519985553846956e-05, -4.9117969027195634e-05, -7.813902965933557e-05]
>>> Módulo de Tensão
[[0.97       1.         1.03      ]
 [0.97       1.         1.03      ]
 [0.97       1.         1.03      ]
 [0.94167047 0.97167047 1.00167047]
 [0.93757131 0.96757131 0.99757131]
 [0.93064588 0.96064588 0.99064588]]
=============================================================================================================
==========================       ITERAÇÃO  26.5        ======================================================
=============================================================================================================

>>> P liq

[3.2 3.5 3.7]
[1.6 1.9 2.2]
[1.2 1.5 1.8]
[-2.1 -2.  -1.9]
[-2.1 -2.  -1.9]
[-3.1  -3.   -2.85]


>>> Q liq

[0.9  1.15 1.25]
[-0.2   0.01  0.25]
[-0.6  -0.39 -0.15]
[-1.6 -1.5 -1.4]
[-1.6 -1.5 -1.4]
[-2.35 -2.25 -2.1 ]


>>> DP 
[-13.32551384  -2.87582483   7.32581204]
[-9.65590029e+00  5.18415305e-03  9.56756717e+00]
[-12.62933061   0.30493234  13.09114314]
[-9.03885351  0.11611847  9.17238902]
[-14.14399573   0.79804708  15.59203775]
[-15.8683628    1.33793234  18.44617534]
>>> diff DP 
[0. 0. 0.]
[-1.92224340e+01  1.12368011e-03  1.92246814e+01]
[-2.57177174e+01  2.98673484e-03  2.57236908e+01]
[-1.82135170e+01 -1.52218678e-03  1.82104726e+01]
[-2.97384682e+01 -1.60864015e-03  2.97352509e+01]
[-3.43183905e+01 -2.16617871e-03  3.43140581e+01]
>>> teste conv DP 
0.0
-9.023868772572996e-05
-0.0002303424131042675
-0.000752296467062763
-0.0008260526672483337
-0.0016861772324645585
>>> DQ 
[-291.17928773   -9.47247376  269.39878524]
[-199.95190356  -13.79997811  170.59187737]
[-310.14516155  -34.01407944  239.45964769]
[-173.21487517    6.59387227  184.60804972]
[-244.7862337    26.08330519  294.26098911]
[-241.659309     24.75171359  288.52088121]
>>> DX  >>> Q >>> delta v 
[0, 0, 0, -6.43544305975756e-05, -4.393576272155192e-05, -6.86092533878747e-05]
>>> Módulo de Tensão
[[0.97       1.         1.03      ]
 [0.97       1.         1.03      ]
 [0.97       1.         1.03      ]
 [0.94161204 0.97161204 1.00161204]
 [0.93753318 0.96753318 0.99753318]
 [0.9305853  0.9605853  0.9905853 ]]
=============================================================================================================
==========================       ITERAÇÃO  27.0        ======================================================
=============================================================================================================

>>> P liq

[3.2 3.5 3.7]
[1.6 1.9 2.2]
[1.2 1.5 1.8]
[-2.1 -2.  -1.9]
[-2.1 -2.  -1.9]
[-3.1  -3.   -2.85]


>>> Q liq

[0.9  1.15 1.25]
[-0.2   0.01  0.25]
[-0.6  -0.39 -0.15]
[-1.6 -1.5 -1.4]
[-1.6 -1.5 -1.4]
[-2.35 -2.25 -2.1 ]


>>> DP 
[-13.32684392  -2.87727526   7.32424126]
[-9.65679715e+00  4.20897866e-03  9.56651368e+00]
[-12.6317479    0.30231301  13.08832178]
[-9.03674765  0.11754464  9.17313549]
[-14.14190765   0.79941622  15.59268796]
[-15.86498317   1.33981926  18.44656955]
>>> diff DP 
[0. 0. 0.]
[-1.92224140e+01  9.75174391e-04  1.92243643e+01]
[-2.57176524e+01  2.61932580e-03  2.57228910e+01]
[-1.82119890e+01 -1.42616533e-03  1.82091367e+01]
[-2.97366837e+01 -1.36914586e-03  2.97339454e+01]
[-3.43149323e+01 -1.88692170e-03  3.43111585e+01]
>>> teste conv DP 
0.0
-7.831273036273956e-05
-0.00020203764515791534
-0.0006796919671181456
-0.000718931657676336
-0.0014927125416761555
>>> DQ 
[-291.20103749   -9.50160584  269.36227084]
[-199.96609365  -13.81898513  170.56805341]
[-310.18189378  -34.06328243  239.39797395]
[-173.1698921     6.62065079  184.6166237 ]
[-244.74325876   26.1081707   294.2677452 ]
[-241.59177326   24.79081681  288.5315519 ]
>>> DX  >>> Q >>> delta v 
[0, 0, 0, -5.843618865573322e-05, -3.8129206286674754e-05, -6.0584816502057184e-05]
>>> Módulo de Tensão
[[0.97       1.         1.03      ]
 [0.97       1.         1.03      ]
 [0.97       1.         1.03      ]
 [0.94156082 0.97156082 1.00156082]
 [0.93750073 0.96750073 0.99750073]
 [0.93053286 0.96053286 0.99053286]]
=============================================================================================================
==========================       ITERAÇÃO  27.5        ======================================================
=============================================================================================================

>>> P liq

[3.2 3.5 3.7]
[1.6 1.9 2.2]
[1.2 1.5 1.8]
[-2.1 -2.  -1.9]
[-2.1 -2.  -1.9]
[-3.1  -3.   -2.85]


>>> Q liq

[0.9  1.15 1.25]
[-0.2   0.01  0.25]
[-0.6  -0.39 -0.15]
[-1.6 -1.5 -1.4]
[-1.6 -1.5 -1.4]
[-2.35 -2.25 -2.1 ]


>>> DP 
[-13.3280097   -2.87854652   7.32286451]
[-9.65756050e+00  3.37897682e-03  9.56561703e+00]
[-12.6338264    0.30006076  13.08589578]
[-9.03488635  0.11881154  9.17380799]
[-14.1401512    0.80055906  15.59321717]
[-15.86206032   1.34144979  18.44690775]
>>> diff DP 
[0. 0. 0.]
[-1.92224142e+01  8.30001838e-04  1.92240742e+01]
[-2.57176437e+01  2.25225155e-03  2.57221482e+01]
[-1.82105556e+01 -1.26690051e-03  1.82080218e+01]
[-2.97351248e+01 -1.14283212e-03  2.97328392e+01]
[-3.43118909e+01 -1.63052497e-03  3.43086299e+01]
>>> teste conv DP 
0.0
-6.665444742282034e-05
-0.0001737491836433236
-0.0005944041381553689
-0.0006136221013370857
-0.0012923202472592266
>>> DQ 
[-291.22010057   -9.52713934  269.33026693]
[-199.97817129  -13.83516261  170.54777608]
[-310.21348252  -34.10559568  239.34493618]
[-173.13022957    6.64443961  184.6245388 ]
[-244.70699765   26.12891203  294.27296675]
[-241.53335627   24.82461499  288.54073128]
>>> DX  >>> Q >>> delta v 
[0, 0, 0, -5.121776807325761e-05, -3.245297621338183e-05, -5.243843214542178e-05]
>>> Módulo de Tensão
[[0.97       1.         1.03      ]
 [0.97       1.         1.03      ]
 [0.97       1.         1.03      ]
 [0.94151552 0.97151552 1.00151552]
 [0.9374712  0.9674712  0.9974712 ]
 [0.93048635 0.96048635 0.99048635]]
=============================================================================================================
==========================       ITERAÇÃO  28.0        ======================================================
=============================================================================================================

>>> P liq

[3.2 3.5 3.7]
[1.6 1.9 2.2]
[1.2 1.5 1.8]
[-2.1 -2.  -1.9]
[-2.1 -2.  -1.9]
[-3.1  -3.   -2.85]


>>> Q liq

[0.9  1.15 1.25]
[-0.2   0.01  0.25]
[-0.6  -0.39 -0.15]
[-1.6 -1.5 -1.4]
[-1.6 -1.5 -1.4]
[-2.35 -2.25 -2.1 ]


>>> DP 
[-13.32904069  -2.8796708    7.32164695]
[-9.65825490e+00  2.62393904e-03  9.56480135e+00]
[-12.63568838   0.29804316  13.08372257]
[-9.03324357  0.11992838  9.1743989 ]
[-14.13852521   0.80162921  15.59373148]
[-15.85948218   1.34287929  18.44718863]
>>> diff DP 
[0. 0. 0.]
[-1.92223619e+01  7.55037780e-04  1.92238719e+01]
[-2.57175490e+01  2.01759302e-03  2.57215842e+01]
[-1.82092852e+01 -1.11684280e-03  1.82070516e+01]
[-2.97338827e+01 -1.07015090e-03  2.97317424e+01]
[-3.43092490e+01 -1.42950806e-03  3.43063899e+01]
>>> teste conv DP 
0.0
-6.063435488457003e-05
-0.00015561238444661285
-0.0005259346366486284
-0.0005558380127190787
-0.0011486287530075856
>>> DQ 
[-291.23695955   -9.5497206   269.30196337]
[-199.9891581   -13.84987898  170.52933015]
[-310.2417744   -34.14349279  239.29743385]
[-173.09520408    6.6654108   184.63145571]
[-244.6735839    26.14835393  294.2784368 ]
[-241.48176733   24.85429807  288.5485085 ]
>>> DX  >>> Q >>> delta v 
[0, 0, 0, -4.529587322162392e-05, -2.952189018029295e-05, -4.650961005690732e-05]
>>> Módulo de Tensão
[[0.97       1.         1.03      ]
 [0.97       1.         1.03      ]
 [0.97       1.         1.03      ]
 [0.94147768 0.97147768 1.00147768]
 [0.9374464  0.9674464  0.9974464 ]
 [0.93044579 0.96044579 0.99044579]]
=============================================================================================================
==========================       ITERAÇÃO  28.5        ======================================================
=============================================================================================================

>>> P liq

[3.2 3.5 3.7]
[1.6 1.9 2.2]
[1.2 1.5 1.8]
[-2.1 -2.  -1.9]
[-2.1 -2.  -1.9]
[-3.1  -3.   -2.85]


>>> Q liq

[0.9  1.15 1.25]
[-0.2   0.01  0.25]
[-0.6  -0.39 -0.15]
[-1.6 -1.5 -1.4]
[-1.6 -1.5 -1.4]
[-2.35 -2.25 -2.1 ]


>>> DP 
[-13.32990192  -2.88060995   7.32062987]
[-9.65883828e+00  1.98961907e-03  9.56411609e+00]
[-12.63728865   0.29630911  13.08185473]
[-9.03191209  0.12081713  9.17484493]
[-14.13719456   0.80248995  15.59412232]
[-15.85717325   1.34419703  18.44751516]
>>> diff DP 
[0. 0. 0.]
[-1.92223710e+01  6.34319972e-04  1.92236396e+01]
[-2.57175431e+01  1.73405615e-03  2.57210112e+01]
[-1.82080885e+01 -8.88753984e-04  1.82063110e+01]
[-2.97326475e+01 -8.60744291e-04  2.97309260e+01]
[-3.43069973e+01 -1.31773270e-03  3.43043619e+01]
>>> teste conv DP 
0.0
-5.093994403893021e-05
-0.00013378716256795542
-0.0004427247672040835
-0.00046990930825785426
-0.000991203956935749
>>> DQ 
[-291.25104245   -9.56858354  269.27832039]
[-199.9983883   -13.86224245  170.51383342]
[-310.26609757  -34.17607378  239.25659504]
[-173.0665671     6.68209781  184.63619275]
[-244.64605018   26.16396767  294.28213054]
[-241.43583269   24.88143551  288.55684874]
>>> DX  >>> Q >>> delta v 
[0, 0, 0, -3.783726268992486e-05, -2.4801837779203912e-05, -4.05640838862616e-05]
>>> Módulo de Tensão
[[0.97       1.         1.03      ]
 [0.97       1.         1.03      ]
 [0.97       1.         1.03      ]
 [0.94144341 0.97144341 1.00144341]
 [0.93742334 0.96742334 0.99742334]
 [0.93040954 0.96040954 0.99040954]]
=============================================================================================================
==========================       ITERAÇÃO  29.0        ======================================================
=============================================================================================================

>>> P liq

[3.2 3.5 3.7]
[1.6 1.9 2.2]
[1.2 1.5 1.8]
[-2.1 -2.  -1.9]
[-2.1 -2.  -1.9]
[-3.1  -3.   -2.85]


>>> Q liq

[0.9  1.15 1.25]
[-0.2   0.01  0.25]
[-0.6  -0.39 -0.15]
[-1.6 -1.5 -1.4]
[-1.6 -1.5 -1.4]
[-2.35 -2.25 -2.1 ]


>>> DP 
[-13.33068207  -2.8814607    7.31970853]
[-9.65938083e+00  1.39969412e-03  9.56347879e+00]
[-12.63874128   0.29473509  13.08015931]
[-9.0306942   0.12163496  9.1752627 ]
[-14.13592211   0.8033283   15.59452656]
[-15.85514169   1.34533732  18.44776419]
>>> diff DP 
[0. 0. 0.]
[-1.92223171e+01  5.89924948e-04  1.92234969e+01]
[-2.57174480e+01  1.57402268e-03  2.57205960e+01]
[-1.82071748e+01 -8.17829690e-04  1.82055391e+01]
[-2.97317211e+01 -8.38346389e-04  2.97300444e+01]
[-3.43049374e+01 -1.14029447e-03  3.43026569e+01]
>>> teste conv DP 
0.0
-4.737474014504528e-05
-0.00012139818872647368
-0.00040005940262233253
-0.00043410030949964096
-0.0008912590596068526
>>> DQ 
[-291.26379976   -9.58567095  269.25690289]
[-200.00697249  -13.87374062  170.49942128]
[-310.28816901  -34.20563858  239.21953689]
[-173.04044746    6.69745368  184.64078485]
[-244.61991309   26.17919977  294.28645766]
[-241.39528052   24.90502996  288.56348547]
>>> DX  >>> Q >>> delta v 
[0, 0, 0, -3.427570681711365e-05, -2.3065997462879197e-05, -3.6248716355767575e-05]
>>> Módulo de Tensão
[[0.97       1.         1.03      ]
 [0.97       1.         1.03      ]
 [0.97       1.         1.03      ]
 [0.94141465 0.97141465 1.00141465]
 [0.93740434 0.96740434 0.99740434]
 [0.93037876 0.96037876 0.99037876]]
=============================================================================================================
==========================       ITERAÇÃO  29.5        ======================================================
=============================================================================================================

>>> P liq

[3.2 3.5 3.7]
[1.6 1.9 2.2]
[1.2 1.5 1.8]
[-2.1 -2.  -1.9]
[-2.1 -2.  -1.9]
[-3.1  -3.   -2.85]


>>> Q liq

[0.9  1.15 1.25]
[-0.2   0.01  0.25]
[-0.6  -0.39 -0.15]
[-1.6 -1.5 -1.4]
[-1.6 -1.5 -1.4]
[-2.35 -2.25 -2.1 ]


>>> DP 
[-13.33133676  -2.88217462   7.31893537]
[-9.65982756e+00  9.13963467e-04  9.56295406e+00]
[-12.63995971   0.29341479  13.07873716]
[-9.02968066  0.12231209  9.17560341]
[-14.1348964    0.80399476  15.59483376]
[-15.8533957    1.34633044  18.44800443]
>>> diff DP 
[0. 0. 0.]
[-1.92223349e+01  4.85730654e-04  1.92233064e+01]
[-2.57174784e+01  1.32029104e-03  2.57201190e+01]
[-1.82062976e+01 -6.77123306e-04  1.82049434e+01]
[-2.97307559e+01 -6.66457633e-04  2.97294230e+01]
[-3.43031461e+01 -9.93115944e-04  3.43011599e+01]
>>> teste conv DP 
0.0
-3.900727303118856e-05
-0.00010185584987532081
-0.0003364163081656102
-0.000359256668312824
-0.0007528790821140774
>>> DQ 
[-291.27450528   -9.60001015  269.23893001]
[-200.01404052  -13.88320794  170.48755466]
[-310.30668704  -34.23044355  239.18844496]
[-173.0186579     6.71016736  184.64442263]
[-244.59872673   26.19129404  294.28945985]
[-241.36052192   24.92550161  288.56967016]
>>> DX  >>> Q >>> delta v 
[0, 0, 0, -2.876307392325679e-05, -1.8992012576766943e-05, -3.077321792177316e-05]
>>> Módulo de Tensão
[[0.97       1.         1.03      ]
 [0.97       1.         1.03      ]
 [0.97       1.         1.03      ]
 [0.94138819 0.97138819 1.00138819]
 [0.9373869  0.9673869  0.9973869 ]
 [0.93035222 0.96035222 0.99035222]]
=============================================================================================================
==========================       ITERAÇÃO  30.0        ======================================================
=============================================================================================================

>>> P liq

[3.2 3.5 3.7]
[1.6 1.9 2.2]
[1.2 1.5 1.8]
[-2.1 -2.  -1.9]
[-2.1 -2.  -1.9]
[-3.1  -3.   -2.85]


>>> Q liq

[0.9  1.15 1.25]
[-0.2   0.01  0.25]
[-0.6  -0.39 -0.15]
[-1.6 -1.5 -1.4]
[-1.6 -1.5 -1.4]
[-2.35 -2.25 -2.1 ]


>>> DP 
[-13.33193903  -2.88283139   7.31822411]
[-9.66023792e+00  4.67771340e-04  9.56247203e+00]
[-12.64103731   0.29224717  13.07747951]
[-9.02870633  0.12298044  9.17596579]
[-14.13391333   0.80465122  15.59516362]
[-15.85195268   1.34711311  18.44812676]
>>> diff DP 
[0. 0. 0.]
[-1.92222996e+01  4.46192127e-04  1.92231920e+01]
[-2.57174392e+01  1.16762377e-03  2.57197745e+01]
[-1.82056465e+01 -6.68355596e-04  1.82043097e+01]
[-2.97300600e+01 -6.56462057e-04  2.97287471e+01]
[-3.43015225e+01 -7.82675890e-04  3.42999571e+01]
>>> teste conv DP 
0.0
-3.5832076871855634e-05
-9.002878638852962e-05
-0.00030597374982122005
-0.00032660191652844617
-0.0006603459748575347
>>> DQ 
[-291.28435374   -9.61320138  269.222396  ]
[-200.02053322  -13.89190463  170.47665397]
[-310.32305559  -34.25236931  239.160962  ]
[-172.9979751     6.72271797  184.64884106]
[-244.57864449   26.20323541  294.29326033]
[-241.3315234    24.94185791  288.57338425]
>>> DX  >>> Q >>> delta v 
[0, 0, 0, -2.646036077519365e-05, -1.744606074243107e-05, -2.6542778201179526e-05]
>>> Módulo de Tensão
[[0.97       1.         1.03      ]
 [0.97       1.         1.03      ]
 [0.97       1.         1.03      ]
 [0.94136491 0.97136491 1.00136491]
 [0.93737174 0.96737174 0.99737174]
 [0.93032808 0.96032808 0.99032808]]
=============================================================================================================
==========================       ITERAÇÃO  30.5        ======================================================
=============================================================================================================

>>> P liq

[3.2 3.5 3.7]
[1.6 1.9 2.2]
[1.2 1.5 1.8]
[-2.1 -2.  -1.9]
[-2.1 -2.  -1.9]
[-3.1  -3.   -2.85]


>>> Q liq

[0.9  1.15 1.25]
[-0.2   0.01  0.25]
[-0.6  -0.39 -0.15]
[-1.6 -1.5 -1.4]
[-1.6 -1.5 -1.4]
[-2.35 -2.25 -2.1 ]


>>> DP 
[-13.33246875  -2.88340904   7.31759852]
[-9.66059437e+00  8.01932771e-05  9.56205333e+00]
[-12.64199961   0.29120443  13.07635634]
[-9.02786838  0.1235477   9.17626235]
[-14.1330852    0.8051935   15.59542006]
[-15.85060514   1.3478661   18.44828519]
>>> diff DP 
[0. 0. 0.]
[-1.92222912e+01  3.87578063e-04  1.92230664e+01]
[-2.57173936e+01  1.04273702e-03  2.57194791e+01]
[-1.82049687e+01 -5.67258750e-04  1.82038342e+01]
[-2.97293334e+01 -5.42285167e-04  2.97282488e+01]
[-3.43002379e+01 -7.52984433e-04  3.42987319e+01]
>>> teste conv DP 
0.0
-3.112499322099893e-05
-8.043178369376847e-05
-0.0002706987592020482
-0.0002858457031607031
-0.0005945525499662097
>>> DQ 
[-291.29301587   -9.62480362  269.20785366]
[-200.02617299  -13.89945887  170.46718526]
[-310.33767877  -34.27195712  239.13640955]
[-172.98007303    6.73336956  184.65224216]
[-244.56159239   26.21308312  294.29590365]
[-241.30460125   24.95745843  288.57766313]
>>> DX  >>> Q >>> delta v 
[0, 0, 0, -2.327298292071144e-05, -1.5154257573875739e-05, -2.4144005484610976e-05]
>>> Módulo de Tensão
[[0.97       1.         1.03      ]
 [0.97       1.         1.03      ]
 [0.97       1.         1.03      ]
 [0.94134504 0.97134504 1.00134504]
 [0.93735904 0.96735904 0.99735904]
 [0.93030775 0.96030775 0.99030775]]
=============================================================================================================
==========================       ITERAÇÃO  31.0        ======================================================
=============================================================================================================

>>> P liq

[3.2 3.5 3.7]
[1.6 1.9 2.2]
[1.2 1.5 1.8]
[-2.1 -2.  -1.9]
[-2.1 -2.  -1.9]
[-3.1  -3.   -2.85]


>>> Q liq

[0.9  1.15 1.25]
[-0.2   0.01  0.25]
[-0.6  -0.39 -0.15]
[-1.6 -1.5 -1.4]
[-1.6 -1.5 -1.4]
[-2.35 -2.25 -2.1 ]


>>> DP 
[-13.33292115  -2.88390238   7.31706425]
[-9.66089329e+00 -2.44825619e-04  9.56170221e+00]
[-12.64280851   0.29032792  13.07541222]
[-9.02714578  0.1240397   9.17652374]
[-14.13239264   0.8056462   15.5956329 ]
[-15.84947612   1.34849364  18.44841126]
>>> diff DP 
[0. 0. 0.]
[-1.92222966e+01  3.25018896e-04  1.92229466e+01]
[-2.57174118e+01  8.76509491e-04  2.57191648e+01]
[-1.82043921e+01 -4.91996080e-04  1.82034081e+01]
[-2.97287181e+01 -4.52701571e-04  2.97278127e+01]
[-3.42990164e+01 -6.27546826e-04  3.42977613e+01]
>>> teste conv DP 
0.0
-2.6101092657881964e-05
-6.761207587757667e-05
-0.00023060320814849433
-0.000239862949444003
-0.0005014779216061527
>>> DQ 
[-291.30041368   -9.6347124   269.1954339 ]
[-200.03090245  -13.90579379  170.4592449 ]
[-310.34997119  -34.28842287  239.11577048]
[-172.96467834    6.74260818  184.65532473]
[-244.54732159   26.22130274  294.2980721 ]
[-241.28202098   24.97047999  288.58112598]

>>> Ângulos
[[-0.5729578   0.          0.5729578 ]
 [-0.66281406 -0.08985626  0.48310153]
 [-0.83546767 -0.26250987  0.31044792]
 [-0.87075959 -0.2978018   0.275156  ]
 [-0.87386848 -0.30091068  0.27204711]
 [-0.97558092 -0.40262313  0.17033467]]

>>> Módulo de Tensão
[[0.97       1.         1.03      ]
 [0.97       1.         1.03      ]
 [0.97       1.         1.03      ]
 [0.94134504 0.97134504 1.00134504]
 [0.93735904 0.96735904 0.99735904]
 [0.93030775 0.96030775 0.99030775]]
