=============================================================================================================
==========================       ITERAÇÃO  0           ======================================================
=============================================================================================================

>>> P liq

[3.2  3.45 3.7 ]
[1.8 1.9 2. ]
[1.4 1.5 1.6]
[-2.1 -2.  -1.9]
[-2.1 -2.  -1.9]
[-3.1   -2.975 -2.85 ]


>>> Q liq

[0.9   1.075 1.25 ]
[0.    0.025 0.05 ]
[-0.4   -0.375 -0.35 ]
[-1.6 -1.5 -1.4]
[-1.6 -1.5 -1.4]
[-2.35  -2.225 -2.1  ]


>>> DP CALC
[76.90293736 79.32521622 81.74749508]
[49.59342987 52.88347748 56.17352509]
[76.90293736 79.32521622 81.74749508]
[49.59342987 52.88347748 56.17352509]
[76.90293736 79.32521622 81.74749508]
[76.90293736 79.32521622 81.74749508]
>>> DP
[0 0 0]
[-54.17352509 -50.98347748 -47.79342987]
[-80.14749508 -77.82521622 -75.50293736]
[-58.07352509 -54.88347748 -51.69342987]
[-83.64749508 -81.32521622 -79.00293736]
[-84.59749508 -82.30021622 -80.00293736]

>>> DX  >>> P >>> delta theta
[0, -0.2854666333757602, -0.3592054643164631, -0.29153057960296824, -0.3771528728869912, -0.38307248016743944]


>>> Ângulos
[[-0.01        0.          0.01      ]
 [-0.29546663 -0.28546663 -0.27546663]
 [-0.36920546 -0.35920546 -0.34920546]
 [-0.30153058 -0.29153058 -0.28153058]
 [-0.38715287 -0.37715287 -0.36715287]
 [-0.39307248 -0.38307248 -0.37307248]]

>>> DQ CALC
[-1525.35621958 -1495.24276203 -1465.12930447]
[-1046.05427894  -997.35335802  -948.65243709]
[-1548.73955361 -1497.69366203 -1446.64777045]
[-1049.82117101 -1001.38060802  -952.94004503]
[-1538.92785651 -1501.32091203 -1463.71396754]
[-1535.62139114 -1502.04591203 -1468.47043292]
>>> DX  >>> Q >>> delta v 
[0, -0.2854666333757602, -0.3592054643164631, -0.29153057960296824, -0.3771528728869912, -0.38307248016743944]
>>> Módulo de Tensão
[[0.97       1.         1.03      ]
 [5.82167407 5.85167407 5.88167407]
 [5.82165174 5.85165174 5.88165174]
 [5.82167409 5.85167409 5.88167409]
 [5.82164674 5.85164674 5.88164674]
 [5.82164544 5.85164544 5.88164544]]
=============================================================================================================
==========================       ITERAÇÃO  1.0         ======================================================
=============================================================================================================

>>> P liq

[3.2  3.45 3.7 ]
[1.8 1.9 2. ]
[1.4 1.5 1.6]
[-2.1 -2.  -1.9]
[-2.1 -2.  -1.9]
[-3.1   -2.975 -2.85 ]


>>> Q liq

[0.9   1.075 1.25 ]
[0.    0.025 0.05 ]
[-0.4   -0.375 -0.35 ]
[-1.6 -1.5 -1.4]
[-1.6 -1.5 -1.4]
[-2.35  -2.225 -2.1  ]


>>> DP CALC
[ 16.43518533  79.32521622 142.21524711]
[-3169.6119488   -467.35695516  2234.89803849]
[-2568.26665067  -701.00323446  1166.26018175]
[-3211.25219621  -467.35696831  2276.5382596 ]
[-898.1165934  -700.99602183 -503.87545025]
[-1017.74347329  -700.99414432  -384.24481536]
>>> DP
[0 0 0]
[-2232.89803849   469.25695516  3171.4119488 ]
[-1164.66018175   702.50323446  2569.66665067]
[-2278.4382596    465.35696831  3209.15219621]
[501.97545025 698.99602183 896.0165934 ]
[ 381.39481536  698.01914432 1014.64347329]

>>> DX  >>> P >>> delta theta
[0, 0.13844462202761706, 0.5367295924056708, 0.12835591802627216, 2.2073516605979666, 2.2105415824783567]


>>> Ângulos
[[-0.01        0.          0.01      ]
 [-0.15702201 -0.14702201 -0.13702201]
 [ 0.16752413  0.17752413  0.18752413]
 [-0.17317466 -0.16317466 -0.15317466]
 [ 1.82019879  1.83019879  1.84019879]
 [ 1.8174691   1.8274691   1.8374691 ]]

>>> DQ CALC
[-1804.79424219 -1495.24276203 -1185.69128186]
[-41834.81394585 -36399.0983146  -30963.38268335]
[-61724.76126055 -54641.41982755 -47558.07839455]
[-41840.64170035 -36486.23096976 -31131.82023918]
[-58830.2133474  -54728.05206824 -50625.89078909]
[-59373.7558976  -54728.75114693 -50083.74639626]
>>> DX  >>> Q >>> delta v 
[0, 0.13844462202761706, 0.5367295924056708, 0.12835591802627216, 2.2073516605979666, 2.2105415824783567]
>>> Módulo de Tensão
[[ 0.97        1.          1.03      ]
 [38.04780685 38.07780685 38.10780685]
 [38.04778419 38.07778419 38.10778419]
 [38.04780691 38.07780691 38.10780691]
 [38.04777896 38.07777896 38.10777896]
 [38.04777757 38.07777757 38.10777757]]
=============================================================================================================
==========================       ITERAÇÃO  2.0         ======================================================
=============================================================================================================

>>> P liq

[3.2  3.45 3.7 ]
[1.8 1.9 2. ]
[1.4 1.5 1.6]
[-2.1 -2.  -1.9]
[-2.1 -2.  -1.9]
[-3.1   -2.975 -2.85 ]


>>> Q liq

[0.9   1.075 1.25 ]
[0.    0.025 0.05 ]
[-0.4   -0.375 -0.35 ]
[-1.6 -1.5 -1.4]
[-1.6 -1.5 -1.4]
[-2.35  -2.225 -2.1  ]


>>> DP CALC
[-255.2970447    79.32521622  413.94747714]
[-4241370.98750135 -4125027.27457008 -4008683.56163881]
[-7204447.47668947 -6187526.03869792 -5170604.60070637]
[-4235845.48268539 -4125027.29948188 -4014209.11627838]
[-7209059.88619049 -6187522.60808478 -5165985.32997908]
[-7207764.82007855 -6187521.69547712 -5167278.5708757 ]
>>> DP
[0 0 0]
[4008685.56163881 4125029.17457008 4241372.78750135]
[5170606.20070637 6187527.53869792 7204448.87668947]
[4014207.21627838 4125025.29948188 4235843.38268539]
[5165983.42997908 6187520.60808478 7209057.78619049]
[5167275.7208757  6187518.72047712 7207761.72007855]
